This is pdfTeX, Version 3.1415926-2.5-1.40.14 (MiKTeX 2.9) (preloaded format=pdflatex 2015.7.13)  11 JUL 2016 18:53
entering extended mode
**thesis.tex
(C:\Users\cr458\Documents\GitHub\Thesis\thesis.tex
LaTeX2e <2011/06/27>
Babel <v3.8m> and hyphenation patterns for english, afrikaans, ancientgreek, ar
abic, armenian, assamese, basque, bengali, bokmal, bulgarian, catalan, coptic, 
croatian, czech, danish, dutch, esperanto, estonian, farsi, finnish, french, ga
lician, german, german-x-2013-05-26, greek, gujarati, hindi, hungarian, iceland
ic, indonesian, interlingua, irish, italian, kannada, kurmanji, latin, latvian,
 lithuanian, malayalam, marathi, mongolian, mongolianlmc, monogreek, ngerman, n
german-x-2013-05-26, nynorsk, oriya, panjabi, pinyin, polish, portuguese, roman
ian, russian, sanskrit, serbian, slovak, slovenian, spanish, swedish, swissgerm
an, tamil, telugu, turkish, turkmen, ukenglish, ukrainian, uppersorbian, usengl
ishmax, welsh, loaded.
(C:\Users\cr458\Documents\GitHub\Thesis\Classes/PhDThesisPSnPDF.cls

LaTeX Warning: You have requested document class `Classes/PhDThesisPSnPDF',
               but the document class provides `PhDThesisPSnPDF'.

Document Class: PhDThesisPSnPDF 2015/06/20 A PhD thesis class file by Krishna K
umar (v2.0)
https://github.com/kks32/phd-thesis-template/
PhDThesisPSnPDF: Font size is set as 12pt
("C:\Program Files (x86)\MiKTeX 2.9\tex\latex\base\book.cls"
Document Class: book 2007/10/19 v1.4h Standard LaTeX document class
("C:\Program Files (x86)\MiKTeX 2.9\tex\latex\base\fleqn.clo"
File: fleqn.clo 1998/08/17 v1.1c Standard LaTeX option (flush left equations)
\mathindent=\dimen102
)
("C:\Program Files (x86)\MiKTeX 2.9\tex\latex\base\bk12.clo"
File: bk12.clo 2007/10/19 v1.4h Standard LaTeX file (size option)
)
\c@part=\count79
\c@chapter=\count80
\c@section=\count81
\c@subsection=\count82
\c@subsubsection=\count83
\c@paragraph=\count84
\c@subparagraph=\count85
\c@figure=\count86
\c@table=\count87
\abovecaptionskip=\skip41
\belowcaptionskip=\skip42
\bibindent=\dimen103
)
("C:\Program Files (x86)\MiKTeX 2.9\tex\latex\graphics\lscape.sty"
Package: lscape 2000/10/22 v3.01 Landscape Pages (DPC)

("C:\Program Files (x86)\MiKTeX 2.9\tex\latex\graphics\graphics.sty"
Package: graphics 2009/02/05 v1.0o Standard LaTeX Graphics (DPC,SPQR)

("C:\Program Files (x86)\MiKTeX 2.9\tex\latex\graphics\trig.sty"
Package: trig 1999/03/16 v1.09 sin cos tan (DPC)
)
("C:\Program Files (x86)\MiKTeX 2.9\tex\latex\00miktex\graphics.cfg"
File: graphics.cfg 2007/01/18 v1.5 graphics configuration of teTeX/TeXLive
)
Package graphics Info: Driver file: pdftex.def on input line 91.

("C:\Program Files (x86)\MiKTeX 2.9\tex\latex\pdftex-def\pdftex.def"
File: pdftex.def 2011/05/27 v0.06d Graphics/color for pdfTeX

("C:\Program Files (x86)\MiKTeX 2.9\tex\generic\oberdiek\infwarerr.sty"
Package: infwarerr 2010/04/08 v1.3 Providing info/warning/error messages (HO)
)
("C:\Program Files (x86)\MiKTeX 2.9\tex\generic\oberdiek\ltxcmds.sty"
Package: ltxcmds 2011/11/09 v1.22 LaTeX kernel commands for general use (HO)
)
\Gread@gobject=\count88
)))
("C:\Program Files (x86)\MiKTeX 2.9\tex\latex\setspace\setspace.sty"
Package: setspace 2011/12/19 v6.7a set line spacing
)
("C:\Program Files (x86)\MiKTeX 2.9\tex\latex\tools\calc.sty"
Package: calc 2007/08/22 v4.3 Infix arithmetic (KKT,FJ)
\calc@Acount=\count89
\calc@Bcount=\count90
\calc@Adimen=\dimen104
\calc@Bdimen=\dimen105
\calc@Askip=\skip43
\calc@Bskip=\skip44
LaTeX Info: Redefining \setlength on input line 76.
LaTeX Info: Redefining \addtolength on input line 77.
\calc@Ccount=\count91
\calc@Cskip=\skip45
)
("C:\Program Files (x86)\MiKTeX 2.9\tex\latex\base\ifthen.sty"
Package: ifthen 2001/05/26 v1.1c Standard LaTeX ifthen package (DPC)
)
("C:\Program Files (x86)\MiKTeX 2.9\tex\generic\oberdiek\ifpdf.sty"
Package: ifpdf 2011/01/30 v2.3 Provides the ifpdf switch (HO)
Package ifpdf Info: pdfTeX in PDF mode is detected.
)
("C:\Program Files (x86)\MiKTeX 2.9\tex\generic\ifxetex\ifxetex.sty"
Package: ifxetex 2010/09/12 v0.6 Provides ifxetex conditional
)
("C:\Program Files (x86)\MiKTeX 2.9\tex\latex\tocbibind\tocbibind.sty"
Package: tocbibind 2010/10/13 v1.5k extra ToC listings
Package tocbibind Info: The document has chapter divisions on input line 50.


Package tocbibind Note: Using chapter style headings, unless overridden.

) ("C:\Program Files (x86)\MiKTeX 2.9\tex\latex\appendix\appendix.sty"
Package: appendix 2009/09/02 v1.2b extra appendix facilities
\c@@pps=\count92
\c@@ppsavesec=\count93
\c@@ppsaveapp=\count94
)
("C:\Program Files (x86)\MiKTeX 2.9\tex\latex\graphics\color.sty"
Package: color 2005/11/14 v1.0j Standard LaTeX Color (DPC)

("C:\Program Files (x86)\MiKTeX 2.9\tex\latex\00miktex\color.cfg"
File: color.cfg 2007/01/18 v1.5 color configuration of teTeX/TeXLive
)
Package color Info: Driver file: pdftex.def on input line 130.

("C:\Program Files (x86)\MiKTeX 2.9\tex\latex\graphics\dvipsnam.def"
File: dvipsnam.def 1999/02/16 v3.0i Driver-dependant file (DPC,SPQR)
))
("C:\Program Files (x86)\MiKTeX 2.9\tex\latex\oberdiek\epstopdf.sty"
Package: epstopdf 2010/02/09 v2.5 Conversion with epstopdf on the fly (HO)

("C:\Program Files (x86)\MiKTeX 2.9\tex\latex\oberdiek\epstopdf-base.sty"
Package: epstopdf-base 2010/02/09 v2.5 Base part for package epstopdf

("C:\Program Files (x86)\MiKTeX 2.9\tex\latex\oberdiek\grfext.sty"
Package: grfext 2010/08/19 v1.1 Manage graphics extensions (HO)

("C:\Program Files (x86)\MiKTeX 2.9\tex\generic\oberdiek\kvdefinekeys.sty"
Package: kvdefinekeys 2011/04/07 v1.3 Define keys (HO)
))
("C:\Program Files (x86)\MiKTeX 2.9\tex\latex\oberdiek\kvoptions.sty"
Package: kvoptions 2011/06/30 v3.11 Key value format for package options (HO)

("C:\Program Files (x86)\MiKTeX 2.9\tex\latex\graphics\keyval.sty"
Package: keyval 1999/03/16 v1.13 key=value parser (DPC)
\KV@toks@=\toks14
)
("C:\Program Files (x86)\MiKTeX 2.9\tex\generic\oberdiek\kvsetkeys.sty"
Package: kvsetkeys 2012/04/25 v1.16 Key value parser (HO)

("C:\Program Files (x86)\MiKTeX 2.9\tex\generic\oberdiek\etexcmds.sty"
Package: etexcmds 2011/02/16 v1.5 Avoid name clashes with e-TeX commands (HO)

("C:\Program Files (x86)\MiKTeX 2.9\tex\generic\oberdiek\ifluatex.sty"
Package: ifluatex 2010/03/01 v1.3 Provides the ifluatex switch (HO)
Package ifluatex Info: LuaTeX not detected.
)
Package etexcmds Info: Could not find \expanded.
(etexcmds)             That can mean that you are not using pdfTeX 1.50 or
(etexcmds)             that some package has redefined \expanded.
(etexcmds)             In the latter case, load this package earlier.
)))
("C:\Program Files (x86)\MiKTeX 2.9\tex\generic\oberdiek\pdftexcmds.sty"
Package: pdftexcmds 2011/11/29 v0.20 Utility functions of pdfTeX for LuaTeX (HO
)
Package pdftexcmds Info: LuaTeX not detected.
Package pdftexcmds Info: \pdf@primitive is available.
Package pdftexcmds Info: \pdf@ifprimitive is available.
Package pdftexcmds Info: \pdfdraftmode found.
)
Package grfext Info: Graphics extension search list:
(grfext)             [.png,.pdf,.jpg,.mps,.jpeg,.jbig2,.jb2,.PNG,.PDF,.JPG,.JPE
G,.JBIG2,.JB2,.eps]
(grfext)             \AppendGraphicsExtensions on input line 452.
))
("C:\Program Files (x86)\MiKTeX 2.9\tex\latex\graphics\graphicx.sty"
Package: graphicx 1999/02/16 v1.0f Enhanced LaTeX Graphics (DPC,SPQR)
\Gin@req@height=\dimen106
\Gin@req@width=\dimen107
)
("C:\Program Files (x86)\MiKTeX 2.9\tex\latex\datetime\datetime.sty"
Package: datetime 2015/03/20 v2.60 Date Time Package

("C:\Program Files (x86)\MiKTeX 2.9\tex\latex\etoolbox\etoolbox.sty"
Package: etoolbox 2015/08/02 v2.2a e-TeX tools for LaTeX (JAW)

("C:\Program Files (x86)\MiKTeX 2.9\tex\latex\misc\etex.sty"
Package: etex 1998/03/26 v2.0 eTeX basic definition package (PEB)
\et@xins=\count95
)
\etb@tempcnta=\count96
)
("C:\Program Files (x86)\MiKTeX 2.9\tex\latex\fmtcount\fmtcount.sty"
Package: fmtcount 2015/05/05 v3.01

("C:\Program Files (x86)\MiKTeX 2.9\tex\latex\xkeyval\xkeyval.sty"
Package: xkeyval 2012/10/14 v2.6b package option processing (HA)

("C:\Program Files (x86)\MiKTeX 2.9\tex\generic\xkeyval\xkeyval.tex"
\XKV@toks=\toks15
\XKV@tempa@toks=\toks16
\XKV@depth=\count97
File: xkeyval.tex 2012/10/14 v2.6b key=value parser (HA)
))
("C:\Program Files (x86)\MiKTeX 2.9\tex\latex\fmtcount\fcprefix.sty"
Package: fcprefix 2012/09/28

("C:\Program Files (x86)\MiKTeX 2.9\tex\latex\fmtcount\fcnumparser.sty"
Package: fcnumparser 2012/09/28
\fc@digit@counter=\count98
))
("C:\Program Files (x86)\MiKTeX 2.9\tex\latex\amsmath\amsgen.sty"
File: amsgen.sty 1999/11/30 v2.0
\@emptytoks=\toks17
\ex@=\dimen108
)
\c@padzeroesN=\count99
\fc@tmpcatcode=\count100
\@DT@modctr=\count101
\@ordinalctr=\count102
\@orgargctr=\count103
\@strctr=\count104
\@tmpstrctr=\count105
\@DT@loopN=\count106
\@DT@X=\count107

("C:\Program Files (x86)\MiKTeX 2.9\tex\latex\fmtcount\fc-english.def"
File: fc-english.def 2013/08/17
))
("C:\Program Files (x86)\MiKTeX 2.9\tex\latex\datetime\datetime-defaults.sty"
Package: datetime-defaults 2013/09/10
)
\@day=\count108
\@month=\count109
\@year=\count110
\c@HOUR=\count111
\c@HOURXII=\count112
\c@MINUTE=\count113
\c@TOHOUR=\count114
\c@TOMINUTE=\count115
\c@SECOND=\count116
\currenthour=\count117
\currentminute=\count118
\currentsecond=\count119
Package datetime Info: No datetime.cfg file found, using default settings on in
put line 308.
\@dtctr=\count120
\dayofyear=\count121
\dayofweek=\count122
LaTeX Info: Redefining \today on input line 736.
\dt@a=\toks18
\dt@b=\toks19
)
\PHD@hour=\count123
\PHD@minute=\count124
("C:\Program Files (x86)\MiKTeX 2.9\tex\latex\natbib\natbib.sty"
Package: natbib 2010/09/13 8.31b (PWD, AO)
\bibhang=\skip46
\bibsep=\skip47
LaTeX Info: Redefining \cite on input line 694.
\c@NAT@ctr=\count125
)
("C:\Program Files (x86)\MiKTeX 2.9\tex\latex\base\textcomp.sty"
Package: textcomp 2005/09/27 v1.99g Standard LaTeX package
Package textcomp Info: Sub-encoding information:
(textcomp)               5 = only ISO-Adobe without \textcurrency
(textcomp)               4 = 5 + \texteuro
(textcomp)               3 = 4 + \textohm
(textcomp)               2 = 3 + \textestimated + \textcurrency
(textcomp)               1 = TS1 - \textcircled - \t
(textcomp)               0 = TS1 (full)
(textcomp)             Font families with sub-encoding setting implement
(textcomp)             only a restricted character set as indicated.
(textcomp)             Family '?' is the default used for unknown fonts.
(textcomp)             See the documentation for details.
Package textcomp Info: Setting ? sub-encoding to TS1/1 on input line 71.

("C:\Program Files (x86)\MiKTeX 2.9\tex\latex\base\ts1enc.def"
File: ts1enc.def 2001/06/05 v3.0e (jk/car/fm) Standard LaTeX file
)
LaTeX Info: Redefining \oldstylenums on input line 266.
Package textcomp Info: Setting cmr sub-encoding to TS1/0 on input line 281.
Package textcomp Info: Setting cmss sub-encoding to TS1/0 on input line 282.
Package textcomp Info: Setting cmtt sub-encoding to TS1/0 on input line 283.
Package textcomp Info: Setting cmvtt sub-encoding to TS1/0 on input line 284.
Package textcomp Info: Setting cmbr sub-encoding to TS1/0 on input line 285.
Package textcomp Info: Setting cmtl sub-encoding to TS1/0 on input line 286.
Package textcomp Info: Setting ccr sub-encoding to TS1/0 on input line 287.
Package textcomp Info: Setting ptm sub-encoding to TS1/4 on input line 288.
Package textcomp Info: Setting pcr sub-encoding to TS1/4 on input line 289.
Package textcomp Info: Setting phv sub-encoding to TS1/4 on input line 290.
Package textcomp Info: Setting ppl sub-encoding to TS1/3 on input line 291.
Package textcomp Info: Setting pag sub-encoding to TS1/4 on input line 292.
Package textcomp Info: Setting pbk sub-encoding to TS1/4 on input line 293.
Package textcomp Info: Setting pnc sub-encoding to TS1/4 on input line 294.
Package textcomp Info: Setting pzc sub-encoding to TS1/4 on input line 295.
Package textcomp Info: Setting bch sub-encoding to TS1/4 on input line 296.
Package textcomp Info: Setting put sub-encoding to TS1/5 on input line 297.
Package textcomp Info: Setting uag sub-encoding to TS1/5 on input line 298.
Package textcomp Info: Setting ugq sub-encoding to TS1/5 on input line 299.
Package textcomp Info: Setting ul8 sub-encoding to TS1/4 on input line 300.
Package textcomp Info: Setting ul9 sub-encoding to TS1/4 on input line 301.
Package textcomp Info: Setting augie sub-encoding to TS1/5 on input line 302.
Package textcomp Info: Setting dayrom sub-encoding to TS1/3 on input line 303.
Package textcomp Info: Setting dayroms sub-encoding to TS1/3 on input line 304.

Package textcomp Info: Setting pxr sub-encoding to TS1/0 on input line 305.
Package textcomp Info: Setting pxss sub-encoding to TS1/0 on input line 306.
Package textcomp Info: Setting pxtt sub-encoding to TS1/0 on input line 307.
Package textcomp Info: Setting txr sub-encoding to TS1/0 on input line 308.
Package textcomp Info: Setting txss sub-encoding to TS1/0 on input line 309.
Package textcomp Info: Setting txtt sub-encoding to TS1/0 on input line 310.
Package textcomp Info: Setting lmr sub-encoding to TS1/0 on input line 311.
Package textcomp Info: Setting lmdh sub-encoding to TS1/0 on input line 312.
Package textcomp Info: Setting lmss sub-encoding to TS1/0 on input line 313.
Package textcomp Info: Setting lmssq sub-encoding to TS1/0 on input line 314.
Package textcomp Info: Setting lmvtt sub-encoding to TS1/0 on input line 315.
Package textcomp Info: Setting qhv sub-encoding to TS1/0 on input line 316.
Package textcomp Info: Setting qag sub-encoding to TS1/0 on input line 317.
Package textcomp Info: Setting qbk sub-encoding to TS1/0 on input line 318.
Package textcomp Info: Setting qcr sub-encoding to TS1/0 on input line 319.
Package textcomp Info: Setting qcs sub-encoding to TS1/0 on input line 320.
Package textcomp Info: Setting qpl sub-encoding to TS1/0 on input line 321.
Package textcomp Info: Setting qtm sub-encoding to TS1/0 on input line 322.
Package textcomp Info: Setting qzc sub-encoding to TS1/0 on input line 323.
Package textcomp Info: Setting qhvc sub-encoding to TS1/0 on input line 324.
Package textcomp Info: Setting futs sub-encoding to TS1/4 on input line 325.
Package textcomp Info: Setting futx sub-encoding to TS1/4 on input line 326.
Package textcomp Info: Setting futj sub-encoding to TS1/4 on input line 327.
Package textcomp Info: Setting hlh sub-encoding to TS1/3 on input line 328.
Package textcomp Info: Setting hls sub-encoding to TS1/3 on input line 329.
Package textcomp Info: Setting hlst sub-encoding to TS1/3 on input line 330.
Package textcomp Info: Setting hlct sub-encoding to TS1/5 on input line 331.
Package textcomp Info: Setting hlx sub-encoding to TS1/5 on input line 332.
Package textcomp Info: Setting hlce sub-encoding to TS1/5 on input line 333.
Package textcomp Info: Setting hlcn sub-encoding to TS1/5 on input line 334.
Package textcomp Info: Setting hlcw sub-encoding to TS1/5 on input line 335.
Package textcomp Info: Setting hlcf sub-encoding to TS1/5 on input line 336.
Package textcomp Info: Setting pplx sub-encoding to TS1/3 on input line 337.
Package textcomp Info: Setting pplj sub-encoding to TS1/3 on input line 338.
Package textcomp Info: Setting ptmx sub-encoding to TS1/4 on input line 339.
Package textcomp Info: Setting ptmj sub-encoding to TS1/4 on input line 340.
)
("C:\Program Files (x86)\MiKTeX 2.9\tex\latex\psnfss\mathptmx.sty"
Package: mathptmx 2005/04/12 PSNFSS-v9.2a Times w/ Math, improved (SPQR, WaS) 
LaTeX Font Info:    Redeclaring symbol font `operators' on input line 28.
LaTeX Font Info:    Overwriting symbol font `operators' in version `normal'
(Font)                  OT1/cmr/m/n --> OT1/ztmcm/m/n on input line 28.
LaTeX Font Info:    Overwriting symbol font `operators' in version `bold'
(Font)                  OT1/cmr/bx/n --> OT1/ztmcm/m/n on input line 28.
LaTeX Font Info:    Redeclaring symbol font `letters' on input line 29.
LaTeX Font Info:    Overwriting symbol font `letters' in version `normal'
(Font)                  OML/cmm/m/it --> OML/ztmcm/m/it on input line 29.
LaTeX Font Info:    Overwriting symbol font `letters' in version `bold'
(Font)                  OML/cmm/b/it --> OML/ztmcm/m/it on input line 29.
LaTeX Font Info:    Redeclaring symbol font `symbols' on input line 30.
LaTeX Font Info:    Overwriting symbol font `symbols' in version `normal'
(Font)                  OMS/cmsy/m/n --> OMS/ztmcm/m/n on input line 30.
LaTeX Font Info:    Overwriting symbol font `symbols' in version `bold'
(Font)                  OMS/cmsy/b/n --> OMS/ztmcm/m/n on input line 30.
LaTeX Font Info:    Redeclaring symbol font `largesymbols' on input line 31.
LaTeX Font Info:    Overwriting symbol font `largesymbols' in version `normal'
(Font)                  OMX/cmex/m/n --> OMX/ztmcm/m/n on input line 31.
LaTeX Font Info:    Overwriting symbol font `largesymbols' in version `bold'
(Font)                  OMX/cmex/m/n --> OMX/ztmcm/m/n on input line 31.
\symbold=\mathgroup4
\symitalic=\mathgroup5
LaTeX Font Info:    Redeclaring math alphabet \mathbf on input line 34.
LaTeX Font Info:    Overwriting math alphabet `\mathbf' in version `normal'
(Font)                  OT1/cmr/bx/n --> OT1/ptm/bx/n on input line 34.
LaTeX Font Info:    Overwriting math alphabet `\mathbf' in version `bold'
(Font)                  OT1/cmr/bx/n --> OT1/ptm/bx/n on input line 34.
LaTeX Font Info:    Redeclaring math alphabet \mathit on input line 35.
LaTeX Font Info:    Overwriting math alphabet `\mathit' in version `normal'
(Font)                  OT1/cmr/m/it --> OT1/ptm/m/it on input line 35.
LaTeX Font Info:    Overwriting math alphabet `\mathit' in version `bold'
(Font)                  OT1/cmr/bx/it --> OT1/ptm/m/it on input line 35.
LaTeX Info: Redefining \hbar on input line 50.
)
PhDThesisPSnPDF: Using Times Roman font
("C:\Program Files (x86)\MiKTeX 2.9\tex\latex\base\inputenc.sty"
Package: inputenc 2008/03/30 v1.1d Input encoding file
\inpenc@prehook=\toks20
\inpenc@posthook=\toks21

("C:\Program Files (x86)\MiKTeX 2.9\tex\latex\base\utf8.def"
File: utf8.def 2008/04/05 v1.1m UTF-8 support for inputenc
Now handling font encoding OML ...
... no UTF-8 mapping file for font encoding OML
Now handling font encoding T1 ...
... processing UTF-8 mapping file for font encoding T1

("C:\Program Files (x86)\MiKTeX 2.9\tex\latex\base\t1enc.dfu"
File: t1enc.dfu 2008/04/05 v1.1m UTF-8 support for inputenc
   defining Unicode char U+00A1 (decimal 161)
   defining Unicode char U+00A3 (decimal 163)
   defining Unicode char U+00AB (decimal 171)
   defining Unicode char U+00BB (decimal 187)
   defining Unicode char U+00BF (decimal 191)
   defining Unicode char U+00C0 (decimal 192)
   defining Unicode char U+00C1 (decimal 193)
   defining Unicode char U+00C2 (decimal 194)
   defining Unicode char U+00C3 (decimal 195)
   defining Unicode char U+00C4 (decimal 196)
   defining Unicode char U+00C5 (decimal 197)
   defining Unicode char U+00C6 (decimal 198)
   defining Unicode char U+00C7 (decimal 199)
   defining Unicode char U+00C8 (decimal 200)
   defining Unicode char U+00C9 (decimal 201)
   defining Unicode char U+00CA (decimal 202)
   defining Unicode char U+00CB (decimal 203)
   defining Unicode char U+00CC (decimal 204)
   defining Unicode char U+00CD (decimal 205)
   defining Unicode char U+00CE (decimal 206)
   defining Unicode char U+00CF (decimal 207)
   defining Unicode char U+00D0 (decimal 208)
   defining Unicode char U+00D1 (decimal 209)
   defining Unicode char U+00D2 (decimal 210)
   defining Unicode char U+00D3 (decimal 211)
   defining Unicode char U+00D4 (decimal 212)
   defining Unicode char U+00D5 (decimal 213)
   defining Unicode char U+00D6 (decimal 214)
   defining Unicode char U+00D8 (decimal 216)
   defining Unicode char U+00D9 (decimal 217)
   defining Unicode char U+00DA (decimal 218)
   defining Unicode char U+00DB (decimal 219)
   defining Unicode char U+00DC (decimal 220)
   defining Unicode char U+00DD (decimal 221)
   defining Unicode char U+00DE (decimal 222)
   defining Unicode char U+00DF (decimal 223)
   defining Unicode char U+00E0 (decimal 224)
   defining Unicode char U+00E1 (decimal 225)
   defining Unicode char U+00E2 (decimal 226)
   defining Unicode char U+00E3 (decimal 227)
   defining Unicode char U+00E4 (decimal 228)
   defining Unicode char U+00E5 (decimal 229)
   defining Unicode char U+00E6 (decimal 230)
   defining Unicode char U+00E7 (decimal 231)
   defining Unicode char U+00E8 (decimal 232)
   defining Unicode char U+00E9 (decimal 233)
   defining Unicode char U+00EA (decimal 234)
   defining Unicode char U+00EB (decimal 235)
   defining Unicode char U+00EC (decimal 236)
   defining Unicode char U+00ED (decimal 237)
   defining Unicode char U+00EE (decimal 238)
   defining Unicode char U+00EF (decimal 239)
   defining Unicode char U+00F0 (decimal 240)
   defining Unicode char U+00F1 (decimal 241)
   defining Unicode char U+00F2 (decimal 242)
   defining Unicode char U+00F3 (decimal 243)
   defining Unicode char U+00F4 (decimal 244)
   defining Unicode char U+00F5 (decimal 245)
   defining Unicode char U+00F6 (decimal 246)
   defining Unicode char U+00F8 (decimal 248)
   defining Unicode char U+00F9 (decimal 249)
   defining Unicode char U+00FA (decimal 250)
   defining Unicode char U+00FB (decimal 251)
   defining Unicode char U+00FC (decimal 252)
   defining Unicode char U+00FD (decimal 253)
   defining Unicode char U+00FE (decimal 254)
   defining Unicode char U+00FF (decimal 255)
   defining Unicode char U+0102 (decimal 258)
   defining Unicode char U+0103 (decimal 259)
   defining Unicode char U+0104 (decimal 260)
   defining Unicode char U+0105 (decimal 261)
   defining Unicode char U+0106 (decimal 262)
   defining Unicode char U+0107 (decimal 263)
   defining Unicode char U+010C (decimal 268)
   defining Unicode char U+010D (decimal 269)
   defining Unicode char U+010E (decimal 270)
   defining Unicode char U+010F (decimal 271)
   defining Unicode char U+0110 (decimal 272)
   defining Unicode char U+0111 (decimal 273)
   defining Unicode char U+0118 (decimal 280)
   defining Unicode char U+0119 (decimal 281)
   defining Unicode char U+011A (decimal 282)
   defining Unicode char U+011B (decimal 283)
   defining Unicode char U+011E (decimal 286)
   defining Unicode char U+011F (decimal 287)
   defining Unicode char U+0130 (decimal 304)
   defining Unicode char U+0131 (decimal 305)
   defining Unicode char U+0132 (decimal 306)
   defining Unicode char U+0133 (decimal 307)
   defining Unicode char U+0139 (decimal 313)
   defining Unicode char U+013A (decimal 314)
   defining Unicode char U+013D (decimal 317)
   defining Unicode char U+013E (decimal 318)
   defining Unicode char U+0141 (decimal 321)
   defining Unicode char U+0142 (decimal 322)
   defining Unicode char U+0143 (decimal 323)
   defining Unicode char U+0144 (decimal 324)
   defining Unicode char U+0147 (decimal 327)
   defining Unicode char U+0148 (decimal 328)
   defining Unicode char U+014A (decimal 330)
   defining Unicode char U+014B (decimal 331)
   defining Unicode char U+0150 (decimal 336)
   defining Unicode char U+0151 (decimal 337)
   defining Unicode char U+0152 (decimal 338)
   defining Unicode char U+0153 (decimal 339)
   defining Unicode char U+0154 (decimal 340)
   defining Unicode char U+0155 (decimal 341)
   defining Unicode char U+0158 (decimal 344)
   defining Unicode char U+0159 (decimal 345)
   defining Unicode char U+015A (decimal 346)
   defining Unicode char U+015B (decimal 347)
   defining Unicode char U+015E (decimal 350)
   defining Unicode char U+015F (decimal 351)
   defining Unicode char U+0160 (decimal 352)
   defining Unicode char U+0161 (decimal 353)
   defining Unicode char U+0162 (decimal 354)
   defining Unicode char U+0163 (decimal 355)
   defining Unicode char U+0164 (decimal 356)
   defining Unicode char U+0165 (decimal 357)
   defining Unicode char U+016E (decimal 366)
   defining Unicode char U+016F (decimal 367)
   defining Unicode char U+0170 (decimal 368)
   defining Unicode char U+0171 (decimal 369)
   defining Unicode char U+0178 (decimal 376)
   defining Unicode char U+0179 (decimal 377)
   defining Unicode char U+017A (decimal 378)
   defining Unicode char U+017B (decimal 379)
   defining Unicode char U+017C (decimal 380)
   defining Unicode char U+017D (decimal 381)
   defining Unicode char U+017E (decimal 382)
   defining Unicode char U+200C (decimal 8204)
   defining Unicode char U+2013 (decimal 8211)
   defining Unicode char U+2014 (decimal 8212)
   defining Unicode char U+2018 (decimal 8216)
   defining Unicode char U+2019 (decimal 8217)
   defining Unicode char U+201A (decimal 8218)
   defining Unicode char U+201C (decimal 8220)
   defining Unicode char U+201D (decimal 8221)
   defining Unicode char U+201E (decimal 8222)
   defining Unicode char U+2030 (decimal 8240)
   defining Unicode char U+2031 (decimal 8241)
   defining Unicode char U+2039 (decimal 8249)
   defining Unicode char U+203A (decimal 8250)
   defining Unicode char U+2423 (decimal 9251)
)
Now handling font encoding OT1 ...
... processing UTF-8 mapping file for font encoding OT1

("C:\Program Files (x86)\MiKTeX 2.9\tex\latex\base\ot1enc.dfu"
File: ot1enc.dfu 2008/04/05 v1.1m UTF-8 support for inputenc
   defining Unicode char U+00A1 (decimal 161)
   defining Unicode char U+00A3 (decimal 163)
   defining Unicode char U+00B8 (decimal 184)
   defining Unicode char U+00BF (decimal 191)
   defining Unicode char U+00C5 (decimal 197)
   defining Unicode char U+00C6 (decimal 198)
   defining Unicode char U+00D8 (decimal 216)
   defining Unicode char U+00DF (decimal 223)
   defining Unicode char U+00E6 (decimal 230)
   defining Unicode char U+00EC (decimal 236)
   defining Unicode char U+00ED (decimal 237)
   defining Unicode char U+00EE (decimal 238)
   defining Unicode char U+00EF (decimal 239)
   defining Unicode char U+00F8 (decimal 248)
   defining Unicode char U+0131 (decimal 305)
   defining Unicode char U+0141 (decimal 321)
   defining Unicode char U+0142 (decimal 322)
   defining Unicode char U+0152 (decimal 338)
   defining Unicode char U+0153 (decimal 339)
   defining Unicode char U+2013 (decimal 8211)
   defining Unicode char U+2014 (decimal 8212)
   defining Unicode char U+2018 (decimal 8216)
   defining Unicode char U+2019 (decimal 8217)
   defining Unicode char U+201C (decimal 8220)
   defining Unicode char U+201D (decimal 8221)
)
Now handling font encoding OMS ...
... processing UTF-8 mapping file for font encoding OMS

("C:\Program Files (x86)\MiKTeX 2.9\tex\latex\base\omsenc.dfu"
File: omsenc.dfu 2008/04/05 v1.1m UTF-8 support for inputenc
   defining Unicode char U+00A7 (decimal 167)
   defining Unicode char U+00B6 (decimal 182)
   defining Unicode char U+00B7 (decimal 183)
   defining Unicode char U+2020 (decimal 8224)
   defining Unicode char U+2021 (decimal 8225)
   defining Unicode char U+2022 (decimal 8226)
)
Now handling font encoding OMX ...
... no UTF-8 mapping file for font encoding OMX
Now handling font encoding U ...
... no UTF-8 mapping file for font encoding U
Now handling font encoding TS1 ...
... processing UTF-8 mapping file for font encoding TS1

("C:\Program Files (x86)\MiKTeX 2.9\tex\latex\base\ts1enc.dfu"
File: ts1enc.dfu 2008/04/05 v1.1m UTF-8 support for inputenc
   defining Unicode char U+00A2 (decimal 162)
   defining Unicode char U+00A3 (decimal 163)
   defining Unicode char U+00A4 (decimal 164)
   defining Unicode char U+00A5 (decimal 165)
   defining Unicode char U+00A6 (decimal 166)
   defining Unicode char U+00A7 (decimal 167)
   defining Unicode char U+00A8 (decimal 168)
   defining Unicode char U+00A9 (decimal 169)
   defining Unicode char U+00AA (decimal 170)
   defining Unicode char U+00AC (decimal 172)
   defining Unicode char U+00AE (decimal 174)
   defining Unicode char U+00AF (decimal 175)
   defining Unicode char U+00B0 (decimal 176)
   defining Unicode char U+00B1 (decimal 177)
   defining Unicode char U+00B2 (decimal 178)
   defining Unicode char U+00B3 (decimal 179)
   defining Unicode char U+00B4 (decimal 180)
   defining Unicode char U+00B5 (decimal 181)
   defining Unicode char U+00B6 (decimal 182)
   defining Unicode char U+00B7 (decimal 183)
   defining Unicode char U+00B9 (decimal 185)
   defining Unicode char U+00BA (decimal 186)
   defining Unicode char U+00BC (decimal 188)
   defining Unicode char U+00BD (decimal 189)
   defining Unicode char U+00BE (decimal 190)
   defining Unicode char U+00D7 (decimal 215)
   defining Unicode char U+00F7 (decimal 247)
   defining Unicode char U+0192 (decimal 402)
   defining Unicode char U+02C7 (decimal 711)
   defining Unicode char U+02D8 (decimal 728)
   defining Unicode char U+02DD (decimal 733)
   defining Unicode char U+0E3F (decimal 3647)
   defining Unicode char U+2016 (decimal 8214)
   defining Unicode char U+2020 (decimal 8224)
   defining Unicode char U+2021 (decimal 8225)
   defining Unicode char U+2022 (decimal 8226)
   defining Unicode char U+2030 (decimal 8240)
   defining Unicode char U+2031 (decimal 8241)
   defining Unicode char U+203B (decimal 8251)
   defining Unicode char U+203D (decimal 8253)
   defining Unicode char U+2044 (decimal 8260)
   defining Unicode char U+204E (decimal 8270)
   defining Unicode char U+2052 (decimal 8274)
   defining Unicode char U+20A1 (decimal 8353)
   defining Unicode char U+20A4 (decimal 8356)
   defining Unicode char U+20A6 (decimal 8358)
   defining Unicode char U+20A9 (decimal 8361)
   defining Unicode char U+20AB (decimal 8363)
   defining Unicode char U+20AC (decimal 8364)
   defining Unicode char U+20B1 (decimal 8369)
   defining Unicode char U+2103 (decimal 8451)
   defining Unicode char U+2116 (decimal 8470)
   defining Unicode char U+2117 (decimal 8471)
   defining Unicode char U+211E (decimal 8478)
   defining Unicode char U+2120 (decimal 8480)
   defining Unicode char U+2122 (decimal 8482)
   defining Unicode char U+2126 (decimal 8486)
   defining Unicode char U+2127 (decimal 8487)
   defining Unicode char U+212E (decimal 8494)
   defining Unicode char U+2190 (decimal 8592)
   defining Unicode char U+2191 (decimal 8593)
   defining Unicode char U+2192 (decimal 8594)
   defining Unicode char U+2193 (decimal 8595)
   defining Unicode char U+2329 (decimal 9001)
   defining Unicode char U+232A (decimal 9002)
   defining Unicode char U+2422 (decimal 9250)
   defining Unicode char U+25E6 (decimal 9702)
   defining Unicode char U+25EF (decimal 9711)
   defining Unicode char U+266A (decimal 9834)
)
   defining Unicode char U+00A9 (decimal 169)
   defining Unicode char U+00AA (decimal 170)
   defining Unicode char U+00AE (decimal 174)
   defining Unicode char U+00BA (decimal 186)
   defining Unicode char U+02C6 (decimal 710)
   defining Unicode char U+02DC (decimal 732)
   defining Unicode char U+200C (decimal 8204)
   defining Unicode char U+2026 (decimal 8230)
   defining Unicode char U+2122 (decimal 8482)
   defining Unicode char U+2423 (decimal 9251)
))
("C:\Program Files (x86)\MiKTeX 2.9\tex\latex\base\fontenc.sty"
Package: fontenc 2005/09/27 v1.99g Standard LaTeX package

("C:\Program Files (x86)\MiKTeX 2.9\tex\latex\base\t1enc.def"
File: t1enc.def 2005/09/27 v1.99g Standard LaTeX file
LaTeX Font Info:    Redeclaring font encoding T1 on input line 43.
))
("C:\Program Files (x86)\MiKTeX 2.9\tex\latex\microtype\microtype.sty"
Package: microtype 2013/05/23 v2.5a Micro-typographical refinements (RS)
\MT@toks=\toks22
\MT@count=\count126
LaTeX Info: Redefining \textls on input line 766.
\MT@outer@kern=\dimen109
LaTeX Info: Redefining \textmicrotypecontext on input line 1285.
\MT@listname@count=\count127

("C:\Program Files (x86)\MiKTeX 2.9\tex\latex\microtype\microtype-pdftex.def"
File: microtype-pdftex.def 2013/05/23 v2.5a Definitions specific to pdftex (RS)

LaTeX Info: Redefining \lsstyle on input line 915.
LaTeX Info: Redefining \lslig on input line 915.
\MT@outer@space=\skip48
)
Package microtype Info: Loading configuration file microtype.cfg.

("C:\Program Files (x86)\MiKTeX 2.9\tex\latex\microtype\microtype.cfg"
File: microtype.cfg 2013/05/23 v2.5a microtype main configuration file (RS)
))
("C:\Program Files (x86)\MiKTeX 2.9\tex\generic\pdftex\glyphtounicode.tex")
("C:\Program Files (x86)\MiKTeX 2.9\tex\latex\amsfonts\amsfonts.sty"
Package: amsfonts 2013/01/14 v3.01 Basic AMSFonts support
\symAMSa=\mathgroup6
\symAMSb=\mathgroup7
LaTeX Font Info:    Overwriting math alphabet `\mathfrak' in version `bold'
(Font)                  U/euf/m/n --> U/euf/b/n on input line 106.
)
("C:\Program Files (x86)\MiKTeX 2.9\tex\latex\amsmath\amsmath.sty"
Package: amsmath 2013/01/14 v2.14 AMS math features
\@mathmargin=\skip49

For additional information on amsmath, use the `?' option.
("C:\Program Files (x86)\MiKTeX 2.9\tex\latex\amsmath\amstext.sty"
Package: amstext 2000/06/29 v2.01
)
("C:\Program Files (x86)\MiKTeX 2.9\tex\latex\amsmath\amsbsy.sty"
Package: amsbsy 1999/11/29 v1.2d
\pmbraise@=\dimen110
)
("C:\Program Files (x86)\MiKTeX 2.9\tex\latex\amsmath\amsopn.sty"
Package: amsopn 1999/12/14 v2.01 operator names
)
\inf@bad=\count128
LaTeX Info: Redefining \frac on input line 210.
\uproot@=\count129
\leftroot@=\count130
LaTeX Info: Redefining \overline on input line 306.
\classnum@=\count131
\DOTSCASE@=\count132
LaTeX Info: Redefining \ldots on input line 378.
LaTeX Info: Redefining \dots on input line 381.
LaTeX Info: Redefining \cdots on input line 466.
\Mathstrutbox@=\box26
\strutbox@=\box27
\big@size=\dimen111
LaTeX Font Info:    Redeclaring font encoding OML on input line 566.
LaTeX Font Info:    Redeclaring font encoding OMS on input line 567.
\macc@depth=\count133
\c@MaxMatrixCols=\count134
\dotsspace@=\muskip10
\c@parentequation=\count135
\dspbrk@lvl=\count136
\tag@help=\toks23
\row@=\count137
\column@=\count138
\maxfields@=\count139
\andhelp@=\toks24
\eqnshift@=\dimen112
\alignsep@=\dimen113
\tagshift@=\dimen114
\tagwidth@=\dimen115
\totwidth@=\dimen116
\lineht@=\dimen117
\@envbody=\toks25
\multlinegap=\skip50
\multlinetaggap=\skip51
\mathdisplay@stack=\toks26
LaTeX Info: Redefining \[ on input line 2665.
LaTeX Info: Redefining \] on input line 2666.
)
("C:\Program Files (x86)\MiKTeX 2.9\tex\latex\amsfonts\amssymb.sty"
Package: amssymb 2013/01/14 v3.01 AMS font symbols
)
("C:\Program Files (x86)\MiKTeX 2.9\tex\latex\hyperref\hyperref.sty"
Package: hyperref 2012/11/06 v6.83m Hypertext links for LaTeX

("C:\Program Files (x86)\MiKTeX 2.9\tex\generic\oberdiek\hobsub-hyperref.sty"
Package: hobsub-hyperref 2012/04/25 v1.12 Bundle oberdiek, subset hyperref (HO)


("C:\Program Files (x86)\MiKTeX 2.9\tex\generic\oberdiek\hobsub-generic.sty"
Package: hobsub-generic 2012/04/25 v1.12 Bundle oberdiek, subset generic (HO)
Package: hobsub 2012/04/25 v1.12 Construct package bundles (HO)
Package hobsub Info: Skipping package `infwarerr' (already loaded).
Package hobsub Info: Skipping package `ltxcmds' (already loaded).
Package hobsub Info: Skipping package `ifluatex' (already loaded).
Package: ifvtex 2010/03/01 v1.5 Detect VTeX and its facilities (HO)
Package ifvtex Info: VTeX not detected.
Package: intcalc 2007/09/27 v1.1 Expandable calculations with integers (HO)
Package hobsub Info: Skipping package `ifpdf' (already loaded).
Package hobsub Info: Skipping package `etexcmds' (already loaded).
Package hobsub Info: Skipping package `kvsetkeys' (already loaded).
Package hobsub Info: Skipping package `kvdefinekeys' (already loaded).
Package hobsub Info: Skipping package `pdftexcmds' (already loaded).
Package: pdfescape 2011/11/25 v1.13 Implements pdfTeX's escape features (HO)
Package: bigintcalc 2012/04/08 v1.3 Expandable calculations on big integers (HO
)
Package: bitset 2011/01/30 v1.1 Handle bit-vector datatype (HO)
Package: uniquecounter 2011/01/30 v1.2 Provide unlimited unique counter (HO)
)
Package hobsub Info: Skipping package `hobsub' (already loaded).
Package: letltxmacro 2010/09/02 v1.4 Let assignment for LaTeX macros (HO)
Package: hopatch 2011/06/24 v1.1 Wrapper for package hooks (HO)
Package: xcolor-patch 2011/01/30 xcolor patch
Package: atveryend 2011/06/30 v1.8 Hooks at the very end of document (HO)
Package: atbegshi 2011/10/05 v1.16 At begin shipout hook (HO)
Package: refcount 2011/10/16 v3.4 Data extraction from label references (HO)
Package: hycolor 2011/01/30 v1.7 Color options for hyperref/bookmark (HO)
)
("C:\Program Files (x86)\MiKTeX 2.9\tex\latex\oberdiek\auxhook.sty"
Package: auxhook 2011/03/04 v1.3 Hooks for auxiliary files (HO)
)
\@linkdim=\dimen118
\Hy@linkcounter=\count140
\Hy@pagecounter=\count141

("C:\Program Files (x86)\MiKTeX 2.9\tex\latex\hyperref\pd1enc.def"
File: pd1enc.def 2012/11/06 v6.83m Hyperref: PDFDocEncoding definition (HO)
Now handling font encoding PD1 ...
... no UTF-8 mapping file for font encoding PD1
)
\Hy@SavedSpaceFactor=\count142

("C:\Program Files (x86)\MiKTeX 2.9\tex\latex\00miktex\hyperref.cfg"
File: hyperref.cfg 2002/06/06 v1.2 hyperref configuration of TeXLive
)
Package hyperref Info: Option `unicode' set `true' on input line 4319.

("C:\Program Files (x86)\MiKTeX 2.9\tex\latex\hyperref\puenc.def"
File: puenc.def 2012/11/06 v6.83m Hyperref: PDF Unicode definition (HO)
Now handling font encoding PU ...
... no UTF-8 mapping file for font encoding PU
)
Package hyperref Info: Hyper figures OFF on input line 4443.
Package hyperref Info: Link nesting OFF on input line 4448.
Package hyperref Info: Hyper index ON on input line 4451.
Package hyperref Info: Plain pages OFF on input line 4458.
Package hyperref Info: Backreferencing OFF on input line 4463.
Package hyperref Info: Implicit mode ON; LaTeX internals redefined.
Package hyperref Info: Bookmarks ON on input line 4688.
\c@Hy@tempcnt=\count143

("C:\Program Files (x86)\MiKTeX 2.9\tex\latex\url\url.sty"
\Urlmuskip=\muskip11
Package: url 2013/09/16  ver 3.4  Verb mode for urls, etc.
)
LaTeX Info: Redefining \url on input line 5041.
\XeTeXLinkMargin=\dimen119
\Fld@menulength=\count144
\Field@Width=\dimen120
\Fld@charsize=\dimen121
Package hyperref Info: Hyper figures OFF on input line 6295.
Package hyperref Info: Link nesting OFF on input line 6300.
Package hyperref Info: Hyper index ON on input line 6303.
Package hyperref Info: backreferencing OFF on input line 6310.
Package hyperref Info: Link coloring OFF on input line 6315.
Package hyperref Info: Link coloring with OCG OFF on input line 6320.
Package hyperref Info: PDF/A mode OFF on input line 6325.
LaTeX Info: Redefining \ref on input line 6365.
LaTeX Info: Redefining \pageref on input line 6369.
\Hy@abspage=\count145
\c@Item=\count146
\c@Hfootnote=\count147
)

Package hyperref Message: Driver (autodetected): hpdftex.

("C:\Program Files (x86)\MiKTeX 2.9\tex\latex\hyperref\hpdftex.def"
File: hpdftex.def 2012/11/06 v6.83m Hyperref driver for pdfTeX
\Fld@listcount=\count148
\c@bookmark@seq@number=\count149

("C:\Program Files (x86)\MiKTeX 2.9\tex\latex\oberdiek\rerunfilecheck.sty"
Package: rerunfilecheck 2011/04/15 v1.7 Rerun checks for auxiliary files (HO)
Package uniquecounter Info: New unique counter `rerunfilecheck' on input line 2
82.
)
\Hy@SectionHShift=\skip52
)
Package hyperref Info: Option `final' set `true' on input line 642.
Package hyperref Info: Option `plainpages' set `false' on input line 642.
Package hyperref Info: Option `pdftoolbar' set `true' on input line 642.
Package hyperref Info: Option `pdfmenubar' set `true' on input line 642.
Package hyperref Info: Option `bookmarksopen' set `true' on input line 642.
Package hyperref Info: Option `bookmarksnumbered' set `true' on input line 642.

Package hyperref Info: Option `breaklinks' set `true' on input line 642.
Package hyperref Info: Option `linktocpage' set `true' on input line 642.
Package hyperref Info: Option `colorlinks' set `true' on input line 642.

("C:\Program Files (x86)\MiKTeX 2.9\tex\latex\geometry\geometry.sty"
Package: geometry 2010/09/12 v5.6 Page Geometry
\Gm@cnth=\count150
\Gm@cntv=\count151
\c@Gm@tempcnt=\count152
\Gm@bindingoffset=\dimen122
\Gm@wd@mp=\dimen123
\Gm@odd@mp=\dimen124
\Gm@even@mp=\dimen125
\Gm@layoutwidth=\dimen126
\Gm@layoutheight=\dimen127
\Gm@layouthoffset=\dimen128
\Gm@layoutvoffset=\dimen129
\Gm@dimlist=\toks27

("C:\Program Files (x86)\MiKTeX 2.9\tex\latex\geometry\geometry.cfg"))
PhDThesisPSnPDF: The University identity guidelines recommend using left aligne
d text. Please use `flushleft' in the documentclass option, if you wish to left
 align your text
("C:\Program Files (x86)\MiKTeX 2.9\tex\latex\fancyhdr\fancyhdr.sty"
\fancy@headwidth=\skip53
\f@ncyO@elh=\skip54
\f@ncyO@erh=\skip55
\f@ncyO@olh=\skip56
\f@ncyO@orh=\skip57
\f@ncyO@elf=\skip58
\f@ncyO@erf=\skip59
\f@ncyO@olf=\skip60
\f@ncyO@orf=\skip61
)
("C:\Program Files (x86)\MiKTeX 2.9\tex\latex\nomencl\nomencl.sty"
Package: nomencl 2005/09/22 v4.2 Nomenclature package (LN)
\nomlabelwidth=\dimen130
\nom@tempdim=\dimen131
\nomitemsep=\skip62
)
\@nomenclaturefile=\write3

Writing nomenclature file thesis.nlo
("C:\Program Files (x86)\MiKTeX 2.9\tex\latex\base\makeidx.sty"
Package: makeidx 2000/03/29 v1.0m Standard LaTeX package
)
\@indexfile=\write4

Writing index file thesis.idx
) (C:\Users\cr458\Documents\GitHub\Thesis\Preamble/preamble.tex
   defining Unicode char U+00A0 (decimal 160)

("C:\Program Files (x86)\MiKTeX 2.9\tex\latex\caption\caption.sty"
Package: caption 2013/05/02 v3.3-89 Customizing captions (AR)

("C:\Program Files (x86)\MiKTeX 2.9\tex\latex\caption\caption3.sty"
Package: caption3 2013/05/02 v1.6-88 caption3 kernel (AR)
Package caption3 Info: TeX engine: e-TeX on input line 57.
\captionmargin=\dimen132
\captionmargin@=\dimen133
\captionwidth=\dimen134
\caption@tempdima=\dimen135
\caption@indent=\dimen136
\caption@parindent=\dimen137
\caption@hangindent=\dimen138
)
\c@ContinuedFloat=\count153
Package caption Info: hyperref package is loaded.
)
("C:\Program Files (x86)\MiKTeX 2.9\tex\latex\caption\subcaption.sty"
Package: subcaption 2013/02/03 v1.1-62 Sub-captions (AR)
\c@subfigure=\count154
\c@subtable=\count155
)
("C:\Program Files (x86)\MiKTeX 2.9\tex\latex\placeins\placeins.sty"
Package: placeins 2005/04/18  v 2.2
)
("C:\Program Files (x86)\MiKTeX 2.9\tex\latex\esvect\esvect.sty"
Package: esvect 
\symesvector=\mathgroup8
)
("C:\Program Files (x86)\MiKTeX 2.9\tex\latex\booktabs\booktabs.sty"
Package: booktabs 2005/04/14 v1.61803 publication quality tables
\heavyrulewidth=\dimen139
\lightrulewidth=\dimen140
\cmidrulewidth=\dimen141
\belowrulesep=\dimen142
\belowbottomsep=\dimen143
\aboverulesep=\dimen144
\abovetopsep=\dimen145
\cmidrulesep=\dimen146
\cmidrulekern=\dimen147
\defaultaddspace=\dimen148
\@cmidla=\count156
\@cmidlb=\count157
\@aboverulesep=\dimen149
\@belowrulesep=\dimen150
\@thisruleclass=\count158
\@lastruleclass=\count159
\@thisrulewidth=\dimen151
)
("C:\Program Files (x86)\MiKTeX 2.9\tex\latex\multirow\multirow.sty"
\bigstrutjot=\dimen152
)
("C:\Program Files (x86)\MiKTeX 2.9\tex\latex\siunitx\siunitx.sty"
("C:\Program Files (x86)\MiKTeX 2.9\tex\latex\l3kernel\expl3.sty"
Package: expl3 2016/03/28 v6468 L3 programming layer (loader) 

("C:\Program Files (x86)\MiKTeX 2.9\tex\latex\l3kernel\expl3-code.tex"
Package: expl3 2016/03/28 v6468 L3 programming layer (code)
L3 Module: l3bootstrap 2016/02/12 v6412 L3 Bootstrap code
L3 Module: l3names 2016/03/11 v6433 L3 Namespace for primitives
L3 Module: l3basics 2015/11/22 v6315 L3 Basic definitions
L3 Module: l3expan 2015/09/10 v5983 L3 Argument expansion
L3 Module: l3tl 2016/03/26 v6465 L3 Token lists
L3 Module: l3str 2016/03/24 v6441 L3 Strings
L3 Module: l3seq 2015/08/05 v5777 L3 Sequences and stacks
L3 Module: l3int 2016/03/24 v6441 L3 Integers
\c_max_int=\count160
\l_tmpa_int=\count161
\l_tmpb_int=\count162
\g_tmpa_int=\count163
\g_tmpb_int=\count164
L3 Module: l3quark 2015/08/17 v5855 L3 Quarks
L3 Module: l3prg 2015/11/01 v6216 L3 Control structures
\g__prg_map_int=\count165
L3 Module: l3clist 2015/09/02 v5901 L3 Comma separated lists
L3 Module: l3token 2016/03/26 v6465 L3 Experimental token manipulation
L3 Module: l3prop 2016/01/05 v6366 L3 Property lists
L3 Module: l3msg 2016/03/26 v6464 L3 Messages
L3 Module: l3file 2016/03/25 v6458 L3 File and I/O operations
\l_iow_line_count_int=\count166
\l__iow_target_count_int=\count167
\l__iow_current_line_int=\count168
\l__iow_current_word_int=\count169
\l__iow_current_indentation_int=\count170
L3 Module: l3skip 2016/01/05 v6366 L3 Dimensions and skips
\c_zero_dim=\dimen153
\c_max_dim=\dimen154
\l_tmpa_dim=\dimen155
\l_tmpb_dim=\dimen156
\g_tmpa_dim=\dimen157
\g_tmpb_dim=\dimen158
\c_zero_skip=\skip63
\c_max_skip=\skip64
\l_tmpa_skip=\skip65
\l_tmpb_skip=\skip66
\g_tmpa_skip=\skip67
\g_tmpb_skip=\skip68
\c_zero_muskip=\muskip12
\c_max_muskip=\muskip13
\l_tmpa_muskip=\muskip14
\l_tmpb_muskip=\muskip15
\g_tmpa_muskip=\muskip16
\g_tmpb_muskip=\muskip17
L3 Module: l3keys 2015/11/17 v6284 L3 Key-value interfaces
\g__keyval_level_int=\count171
\l_keys_choice_int=\count172
L3 Module: l3fp 2016/03/26 v6465 L3 Floating points
\c__fp_leading_shift_int=\count173
\c__fp_middle_shift_int=\count174
\c__fp_trailing_shift_int=\count175
\c__fp_big_leading_shift_int=\count176
\c__fp_big_middle_shift_int=\count177
\c__fp_big_trailing_shift_int=\count178
\c__fp_Bigg_leading_shift_int=\count179
\c__fp_Bigg_middle_shift_int=\count180
\c__fp_Bigg_trailing_shift_int=\count181
L3 Module: l3box 2015/08/09 v5822 L3 Experimental boxes
\c_empty_box=\box28
\l_tmpa_box=\box29
\l_tmpb_box=\box30
\g_tmpa_box=\box31
\g_tmpb_box=\box32
L3 Module: l3coffins 2016/03/24 v6440 L3 Coffin code layer
\l__coffin_internal_box=\box33
\l__coffin_internal_dim=\dimen159
\l__coffin_offset_x_dim=\dimen160
\l__coffin_offset_y_dim=\dimen161
\l__coffin_x_dim=\dimen162
\l__coffin_y_dim=\dimen163
\l__coffin_x_prime_dim=\dimen164
\l__coffin_y_prime_dim=\dimen165
\c_empty_coffin=\box34
\l__coffin_aligned_coffin=\box35
\l__coffin_aligned_internal_coffin=\box36
\l_tmpa_coffin=\box37
\l_tmpb_coffin=\box38
\l__coffin_display_coffin=\box39
\l__coffin_display_coord_coffin=\box40
\l__coffin_display_pole_coffin=\box41
\l__coffin_display_offset_dim=\dimen166
\l__coffin_display_x_dim=\dimen167
\l__coffin_display_y_dim=\dimen168
L3 Module: l3color 2014/08/23 v5354 L3 Experimental color support
L3 Module: l3sys 2015/09/25 v6087 L3 Experimental system/runtime functions
L3 Module: l3candidates 2016/03/25 v6456 L3 Experimental additions to l3kernel
\l__box_top_dim=\dimen169
\l__box_bottom_dim=\dimen170
\l__box_left_dim=\dimen171
\l__box_right_dim=\dimen172
\l__box_top_new_dim=\dimen173
\l__box_bottom_new_dim=\dimen174
\l__box_left_new_dim=\dimen175
\l__box_right_new_dim=\dimen176
\l__box_internal_box=\box42
\l__coffin_bounding_shift_dim=\dimen177
\l__coffin_left_corner_dim=\dimen178
\l__coffin_right_corner_dim=\dimen179
\l__coffin_bottom_corner_dim=\dimen180
\l__coffin_top_corner_dim=\dimen181
\l__coffin_scaled_total_height_dim=\dimen182
\l__coffin_scaled_width_dim=\dimen183
L3 Module: l3luatex 2016/03/26 v6465 L3 Experimental LuaTeX-specific functions
)
("C:\Program Files (x86)\MiKTeX 2.9\tex\latex\l3kernel\l3pdfmode.def"
File: l3pdfmode.def 2016/03/26 v6465 L3 Experimental driver: PDF mode
\l__driver_color_stack_int=\count182
))
("C:\Program Files (x86)\MiKTeX 2.9\tex\latex\l3packages\xparse\xparse.sty"
Package: xparse 2016/03/28 v6468 L3 Experimental document command parser
\l__xparse_current_arg_int=\count183
\l__xparse_m_args_int=\count184
\l__xparse_mandatory_args_int=\count185
\l__xparse_processor_int=\count186
\l__xparse_v_nesting_int=\count187
)
Package: siunitx 2016/03/01 v2.6q A comprehensive (SI) units package

("C:\Program Files (x86)\MiKTeX 2.9\tex\latex\tools\array.sty"
Package: array 2008/09/09 v2.4c Tabular extension package (FMi)
\col@sep=\dimen184
\extrarowheight=\dimen185
\NC@list=\toks28
\extratabsurround=\skip69
\backup@length=\skip70
)
("C:\Program Files (x86)\MiKTeX 2.9\tex\latex\l3packages\l3keys2e\l3keys2e.sty"
Package: l3keys2e 2016/03/28 v6468 LaTeX2e option processing using LaTeX3 keys
)
\l__siunitx_tmp_box=\box43
\l__siunitx_tmp_dim=\dimen186
\l__siunitx_tmp_int=\count188
\l__siunitx_number_mantissa_length_int=\count189
\l__siunitx_number_uncert_length_int=\count190
\l__siunitx_round_int=\count191
\l__siunitx_process_decimal_int=\count192
\l__siunitx_process_uncertainty_int=\count193
\l__siunitx_process_fixed_int=\count194
\l__siunitx_process_integer_min_int=\count195
\l__siunitx_process_precision_int=\count196
\l__siunitx_group_min_int=\count197
\l__siunitx_angle_marker_box=\box44
\l__siunitx_angle_unit_box=\box45
\l__siunitx_angle_marker_dim=\dimen187
\l__siunitx_angle_unit_dim=\dimen188
\l__siunitx_unit_int=\count198
\l__siunitx_unit_denominator_int=\count199
\l__siunitx_unit_numerator_int=\count200
\l__siunitx_unit_prefix_int=\count201
Normal \count register pool exhausted, switching to extended pool.
\l__siunitx_unit_prefix_base_int=\count277
\l__siunitx_unit_prefix_gram_int=\count278
\l__siunitx_number_product_int=\count279
\c__siunitx_one_fill_skip=\skip71
\l__siunitx_table_unit_align_skip=\skip72
\l__siunitx_table_exponent_dim=\dimen189
\l__siunitx_table_integer_dim=\dimen190
\l__siunitx_table_mantissa_dim=\dimen191
\l__siunitx_table_marker_dim=\dimen192
\l__siunitx_table_result_dim=\dimen193
\l__siunitx_table_uncert_dim=\dimen194
\l__siunitx_table_fill_pre_dim=\dimen195
\l__siunitx_table_fill_post_dim=\dimen196
\l__siunitx_table_fill_mid_dim=\dimen197
\l__siunitx_table_pre_box=\box46
\l__siunitx_table_post_box=\box47
\l__siunitx_table_mantissa_box=\box48
\l__siunitx_table_result_box=\box49
\l__siunitx_table_number_align_skip=\skip73
\l__siunitx_table_text_align_skip=\skip74
.................................................
. LaTeX info: "xparse/define-command"
. 
. Defining command \DeclareBinaryPrefix with sig. 'mmm' on line 7218.
.................................................
.................................................
. LaTeX info: "xparse/define-command"
. 
. Defining command \DeclareSIPostPower with sig. 'mm' on line 7221.
.................................................
.................................................
. LaTeX info: "xparse/define-command"
. 
. Defining command \DeclareSIPrefix with sig. 'mmm' on line 7224.
.................................................
.................................................
. LaTeX info: "xparse/define-command"
. 
. Defining command \DeclareSIPrePower with sig. 'mm' on line 7227.
.................................................
.................................................
. LaTeX info: "xparse/define-command"
. 
. Defining command \DeclareSIQualifier with sig. 'mm' on line 7230.
.................................................
.................................................
. LaTeX info: "xparse/define-command"
. 
. Defining command \DeclareSIUnit with sig. 'O{}mm' on line 7233.
.................................................
.................................................
. LaTeX info: "xparse/define-command"
. 
. Defining command \DeclareSIUnitWithOptions with sig. 'mmm' on line 7236.
.................................................
.................................................
. LaTeX info: "xparse/define-command"
. 
. Defining command \ang with sig. 'o>{\SplitArgument {2}{;}}m' on line 7251.
.................................................
.................................................
. LaTeX info: "xparse/define-command"
. 
. Defining command \num with sig. 'om' on line 7260.
.................................................
.................................................
. LaTeX info: "xparse/define-command"
. 
. Defining command \numlist with sig. 'o>{\SplitList {;}}m' on line 7269.
.................................................
.................................................
. LaTeX info: "xparse/define-command"
. 
. Defining command \numrange with sig. 'omm' on line 7278.
.................................................
.................................................
. LaTeX info: "xparse/define-command"
. 
. Defining command \SIlist with sig. 'o>{\SplitList {;}}mm' on line 7290.
.................................................
.................................................
. LaTeX info: "xparse/define-command"
. 
. Defining command \SIrange with sig. 'ommm' on line 7302.
.................................................
.................................................
. LaTeX info: "xparse/define-command"
. 
. Defining command \SI with sig. 'omom' on line 7314.
.................................................
.................................................
. LaTeX info: "xparse/define-command"
. 
. Defining command \sisetup with sig. 'm' on line 7317.
.................................................
.................................................
. LaTeX info: "xparse/define-command"
. 
. Defining command \tablenum with sig. 'om' on line 7332.
.................................................
.................................................
. LaTeX info: "xparse/define-command"
. 
. Defining command \si with sig. 'om' on line 7344.
.................................................
.................................................
. LaTeX info: "xparse/define-command"
. 
. Defining command \__siunitx_bookmark_num:w with sig. 'om' on line 7391.
.................................................
.................................................
. LaTeX info: "xparse/define-command"
. 
. Defining command \__siunitx_bookmark_numrange:w with sig. 'omm' on line
. 7393.
.................................................
.................................................
. LaTeX info: "xparse/define-command"
. 
. Defining command \__siunitx_bookmark_SI:w with sig. 'omom' on line 7395.
.................................................
.................................................
. LaTeX info: "xparse/define-command"
. 
. Defining command \__siunitx_bookmark_SIlist:w with sig. 'omm' on line 7397.
.................................................
.................................................
. LaTeX info: "xparse/define-command"
. 
. Defining command \__siunitx_bookmark_SIrange:w with sig. 'ommm' on line
. 7399.
.................................................
.................................................
. LaTeX info: "xparse/define-command"
. 
. Defining command \__siunitx_bookmark_si:w with sig. 'om' on line 7400.
.................................................
\g__file_internal_ior=\read1

("C:\Program Files (x86)\MiKTeX 2.9\tex\latex\beamer\base\translator\translator
.sty"
Package: translator 2010/06/12 ver 1.10

("C:\Program Files (x86)\MiKTeX 2.9\tex\latex\beamer\base\translator\translator
-language-mappings.tex")))
("C:\Program Files (x86)\MiKTeX 2.9\tex\latex\notoccite\notoccite.sty"
Package: notoccite 2000/07/20
))
(C:\Users\cr458\Documents\GitHub\Thesis\thesis-info.tex)
(C:\Users\cr458\Documents\GitHub\Thesis\thesis.aux
(C:\Users\cr458\Documents\GitHub\Thesis\Dedication/dedication.aux)
(C:\Users\cr458\Documents\GitHub\Thesis\Declaration/declaration.aux)
(C:\Users\cr458\Documents\GitHub\Thesis\Acknowledgement/acknowledgement.aux)
(C:\Users\cr458\Documents\GitHub\Thesis\Abstract/abstract.aux)
(C:\Users\cr458\Documents\GitHub\Thesis\Chapter1/chapter1.aux)
(C:\Users\cr458\Documents\GitHub\Thesis\Chapter2/chapter2.aux)
(C:\Users\cr458\Documents\GitHub\Thesis\Chapter3/chapter3.aux)
(C:\Users\cr458\Documents\GitHub\Thesis\Appendix1/appendix1.aux)
(C:\Users\cr458\Documents\GitHub\Thesis\Appendix2/appendix2.aux))
LaTeX Font Info:    Checking defaults for OML/cmm/m/it on input line 108.
LaTeX Font Info:    ... okay on input line 108.
LaTeX Font Info:    Checking defaults for T1/cmr/m/n on input line 108.
LaTeX Font Info:    ... okay on input line 108.
LaTeX Font Info:    Checking defaults for OT1/cmr/m/n on input line 108.
LaTeX Font Info:    ... okay on input line 108.
LaTeX Font Info:    Checking defaults for OMS/cmsy/m/n on input line 108.
LaTeX Font Info:    ... okay on input line 108.
LaTeX Font Info:    Checking defaults for OMX/cmex/m/n on input line 108.
LaTeX Font Info:    ... okay on input line 108.
LaTeX Font Info:    Checking defaults for U/cmr/m/n on input line 108.
LaTeX Font Info:    ... okay on input line 108.
LaTeX Font Info:    Checking defaults for TS1/cmr/m/n on input line 108.
LaTeX Font Info:    Try loading font information for TS1+cmr on input line 108.


("C:\Program Files (x86)\MiKTeX 2.9\tex\latex\base\ts1cmr.fd"
File: ts1cmr.fd 1999/05/25 v2.5h Standard LaTeX font definitions
)
LaTeX Font Info:    ... okay on input line 108.
LaTeX Font Info:    Checking defaults for PD1/pdf/m/n on input line 108.
LaTeX Font Info:    ... okay on input line 108.
LaTeX Font Info:    Checking defaults for PU/pdf/m/n on input line 108.
LaTeX Font Info:    ... okay on input line 108.
LaTeX Font Info:    Try loading font information for T1+ptm on input line 108.

("C:\Program Files (x86)\MiKTeX 2.9\tex\latex\psnfss\t1ptm.fd"
File: t1ptm.fd 2001/06/04 font definitions for T1/ptm.
)
("C:\Program Files (x86)\MiKTeX 2.9\tex\context\base\supp-pdf.mkii"
[Loading MPS to PDF converter (version 2006.09.02).]
\scratchcounter=\count280
\scratchdimen=\dimen198
\scratchbox=\box50
\nofMPsegments=\count281
\nofMParguments=\count282
\everyMPshowfont=\toks29
\MPscratchCnt=\count283
\MPscratchDim=\dimen199
\MPnumerator=\count284
\makeMPintoPDFobject=\count285
\everyMPtoPDFconversion=\toks30
)
LaTeX Info: Redefining \microtypecontext on input line 108.
Package microtype Info: Generating PDF output.
Package microtype Info: Character protrusion enabled (level 2).
Package microtype Info: Using default protrusion set `alltext'.
Package microtype Info: Automatic font expansion enabled (level 2),
(microtype)             stretch: 20, shrink: 20, step: 1, non-selected.
Package microtype Info: Using default expansion set `basictext'.
Package microtype Info: No adjustment of tracking.
Package microtype Info: No adjustment of interword spacing.
Package microtype Info: No adjustment of character kerning.
 ("C:\Program Files (x86)\MiKTeX 2.9\tex\latex\microtype\mt-ptm.cfg"
File: mt-ptm.cfg 2006/04/20 v1.7 microtype config. file: Times (RS)
)
\AtBeginShipoutBox=\box51
Package hyperref Info: Link coloring ON on input line 108.

("C:\Program Files (x86)\MiKTeX 2.9\tex\latex\hyperref\nameref.sty"
Package: nameref 2012/10/27 v2.43 Cross-referencing by name of section

("C:\Program Files (x86)\MiKTeX 2.9\tex\generic\oberdiek\gettitlestring.sty"
Package: gettitlestring 2010/12/03 v1.4 Cleanup title references (HO)
)
\c@section@level=\count286
)
LaTeX Info: Redefining \ref on input line 108.
LaTeX Info: Redefining \pageref on input line 108.
LaTeX Info: Redefining \nameref on input line 108.

(C:\Users\cr458\Documents\GitHub\Thesis\thesis.out)
(C:\Users\cr458\Documents\GitHub\Thesis\thesis.out)
\@outlinefile=\write5

*geometry* detected driver: pdftex
*geometry* verbose mode - [ preamble ] result:
* driver: pdftex
* paper: a4paper
* layout: <same size as paper>
* layoutoffset:(h,v)=(0.0pt,0.0pt)
* hratio: 1:1
* vratio: 1:1
* bindingoffset: 14.22636pt
* modes: twoside 
* h-part:(L,W,R)=(72.91019pt, 437.46112pt, 72.9102pt)
* v-part:(T,H,B)=(105.63086pt, 633.78513pt, 105.63086pt)
* \paperwidth=597.50787pt
* \paperheight=845.04684pt
* \textwidth=437.46112pt
* \textheight=633.78513pt
* \oddsidemargin=14.86656pt
* \evensidemargin=0.64021pt
* \topmargin=1.48708pt
* \headheight=14.5pt
* \headsep=19.8738pt
* \topskip=12.0pt
* \footskip=30.0pt
* \marginparwidth=88.0pt
* \marginparsep=7.0pt
* \columnsep=10.0pt
* \skip\footins=10.8pt plus 4.0pt minus 2.0pt
* \hoffset=0.0pt
* \voffset=0.0pt
* \mag=1000
* \@twocolumnfalse
* \@twosidetrue
* \@mparswitchtrue
* \@reversemarginfalse
* (1in=72.27pt=25.4mm, 1cm=28.453pt)

Package caption Info: Begin \AtBeginDocument code.
Package caption Info: End \AtBeginDocument code.

("C:\Program Files (x86)\MiKTeX 2.9\tex\latex\beamer\base\translator\dicts\tran
slator-basic-dictionary\translator-basic-dictionary-English.dict"
Dictionary: translator-basic-dictionary, Language: English 
)
("C:\Program Files (x86)\MiKTeX 2.9\tex\latex\siunitx\siunitx-abbreviations.cfg
"
File: siunitx-abbreviations.cfg 2016/03/01 v2.6q siunitx: Abbreviated units
)
\c__siunitx_mathsf_int=\count287
LaTeX Font Info:    Try loading font information for OT1+ztmcm on input line 10
8.
 ("C:\Program Files (x86)\MiKTeX 2.9\tex\latex\psnfss\ot1ztmcm.fd"
File: ot1ztmcm.fd 2000/01/03 Fontinst v1.801 font definitions for OT1/ztmcm.
)
Package microtype Info: Loading generic settings for font family
(microtype)             `ztmcm' (encoding: OT1).
(microtype)             For optimal results, create family-specific settings.
(microtype)             See the microtype manual for details.
LaTeX Font Info:    Try loading font information for OML+ztmcm on input line 10
8.

("C:\Program Files (x86)\MiKTeX 2.9\tex\latex\psnfss\omlztmcm.fd"
File: omlztmcm.fd 2000/01/03 Fontinst v1.801 font definitions for OML/ztmcm.
)
LaTeX Font Info:    Try loading font information for OMS+ztmcm on input line 10
8.

("C:\Program Files (x86)\MiKTeX 2.9\tex\latex\psnfss\omsztmcm.fd"
File: omsztmcm.fd 2000/01/03 Fontinst v1.801 font definitions for OMS/ztmcm.
)
LaTeX Font Info:    Try loading font information for OMX+ztmcm on input line 10
8.

("C:\Program Files (x86)\MiKTeX 2.9\tex\latex\psnfss\omxztmcm.fd"
File: omxztmcm.fd 2000/01/03 Fontinst v1.801 font definitions for OMX/ztmcm.
)
LaTeX Font Info:    Try loading font information for OT1+ptm on input line 108.


("C:\Program Files (x86)\MiKTeX 2.9\tex\latex\psnfss\ot1ptm.fd"
File: ot1ptm.fd 2001/06/04 font definitions for OT1/ptm.
)
LaTeX Font Info:    Font shape `OT1/ptm/bx/n' in size <12> not available
(Font)              Font shape `OT1/ptm/b/n' tried instead on input line 108.
LaTeX Font Info:    Font shape `OT1/ptm/bx/n' in size <9> not available
(Font)              Font shape `OT1/ptm/b/n' tried instead on input line 108.
LaTeX Font Info:    Font shape `OT1/ptm/bx/n' in size <7> not available
(Font)              Font shape `OT1/ptm/b/n' tried instead on input line 108.

("C:\Program Files (x86)\MiKTeX 2.9\tex\latex\microtype\mt-msa.cfg"
File: mt-msa.cfg 2006/02/04 v1.1 microtype config. file: AMS symbols (a) (RS)
)
("C:\Program Files (x86)\MiKTeX 2.9\tex\latex\microtype\mt-msb.cfg"
File: mt-msb.cfg 2005/06/01 v1.0 microtype config. file: AMS symbols (b) (RS)
)
LaTeX Font Info:    Try loading font information for U+esvect on input line 108
.

("C:\Program Files (x86)\MiKTeX 2.9\tex\latex\esvect\uesvect.fd"
File: uesvect.fd 
)
Package microtype Info: Loading generic settings for font family
(microtype)             `cmss' (encoding: OT1).
(microtype)             For optimal results, create family-specific settings.
(microtype)             See the microtype manual for details.
\c__siunitx_mathtt_int=\count288
Package microtype Info: Loading generic settings for font family
(microtype)             `cmtt' (encoding: OT1).
(microtype)             For optimal results, create family-specific settings.
(microtype)             See the microtype manual for details.
\PHD@Title=\box52
LaTeX Font Info:    Font shape `T1/ptm/bx/n' in size <24.88> not available
(Font)              Font shape `T1/ptm/b/n' tried instead on input line 113.
\PHD@crest=\box53

<Figs/University_Crest.pdf, id=175, 59.22125pt x 69.25874pt>
File: Figs/University_Crest.pdf Graphic file (type pdf)

<use Figs/University_Crest.pdf>
Package pdftex.def Info: Figs/University_Crest.pdf used on input line 113.
(pdftex.def)             Requested size: 87.49088pt x 102.32376pt.
\PHD@collegecrest=\box54
\PHD@author=\box55
LaTeX Font Info:    Font shape `T1/ptm/bx/n' in size <17.28> not available
(Font)              Font shape `T1/ptm/b/n' tried instead on input line 113.
\PHD@dept=\box56
\PHD@submission=\box57
\PHD@collegedate=\box58
\PHD@titlepagespacing=\skip75
 [1



{C:/ProgramData/MiKTeX/2.9/pdftex/config/pdftex.map} <C:/Users/cr458/Documents/
GitHub/Thesis/Figs/University_Crest.pdf>]
(C:\Users\cr458\Documents\GitHub\Thesis\Dedication/dedication.tex [2


]) [3]
(C:\Users\cr458\Documents\GitHub\Thesis\Declaration/declaration.tex [4



])
[5

] (C:\Users\cr458\Documents\GitHub\Thesis\Acknowledgement/acknowledgement.tex [
6



]) [7

] (C:\Users\cr458\Documents\GitHub\Thesis\Abstract/abstract.tex
[8



]) [9

] [10


] (C:\Users\cr458\Documents\GitHub\Thesis\thesis.toc
LaTeX Font Info:    Font shape `T1/ptm/bx/n' in size <12> not available
(Font)              Font shape `T1/ptm/b/n' tried instead on input line 2.
 [11

]
LaTeX Font Info:    Font shape `T1/ptm/bx/n' in size <9> not available
(Font)              Font shape `T1/ptm/b/n' tried instead on input line 61.
)
\tf@toc=\write6
 [12]
(C:\Users\cr458\Documents\GitHub\Thesis\thesis.lof
Underfull \vbox (badness 1297) has occurred while \output is active []

 [13

]
[14])
\tf@lof=\write7
 [15] [16

] (C:\Users\cr458\Documents\GitHub\Thesis\thesis.lot)
\tf@lot=\write8

(C:\Users\cr458\Documents\GitHub\Thesis\thesis.nls [17] [18

] [19]) [20]
(C:\Users\cr458\Documents\GitHub\Thesis\Chapter1/chapter1.tex
Chapter 1.
[1



]
LaTeX Font Info:    Font shape `T1/ptm/bx/n' in size <14.4> not available
(Font)              Font shape `T1/ptm/b/n' tried instead on input line 24.

<Figs/Ch1/crystal_planes-eps-converted-to.pdf, id=486, 2469.225pt x 2502.34875p
t>
File: Figs/Ch1/crystal_planes-eps-converted-to.pdf Graphic file (type pdf)
 <use Figs/Ch1/crystal_planes-eps-converted-to.pdf>
Package pdftex.def Info: Figs/Ch1/crystal_planes-eps-converted-to.pdf used on i
nput line 31.
(pdftex.def)             Requested size: 174.98177pt x 177.32054pt.


LaTeX Warning: `h' float specifier changed to `ht'.

[2]
Underfull \hbox (badness 10000) in paragraph at lines 41--43

 []

<Figs/Ch1/unit_cell.png, id=493, 298.716pt x 262.581pt>
File: Figs/Ch1/unit_cell.png Graphic file (type png)

<use Figs/Ch1/unit_cell.png>
Package pdftex.def Info: Figs/Ch1/unit_cell.png used on input line 48.
(pdftex.def)             Requested size: 196.85616pt x 173.04755pt.
 [3 <C:/Users/cr458/Documents/GitHub/Thesis/Figs/Ch1/crystal_planes-eps-convert
ed-to.pdf> <C:/Users/cr458/Documents/GitHub/Thesis/Figs/Ch1/unit_cell.png>]
<Figs/Ch1/III-N-Ternaries-update.jpg, id=518, 993.7125pt x 949.5475pt>
File: Figs/Ch1/III-N-Ternaries-update.jpg Graphic file (type jpg)

<use Figs/Ch1/III-N-Ternaries-update.jpg>
Package pdftex.def Info: Figs/Ch1/III-N-Ternaries-update.jpg used on input line
 108.
(pdftex.def)             Requested size: 306.22144pt x 292.61801pt.


LaTeX Warning: `h' float specifier changed to `ht'.

[4]
Underfull \vbox (badness 10000) has occurred while \output is active []

 [5 <C:/Users/cr458/Documents/GitHub/Thesis/Figs/Ch1/III-N-Ternaries-update.jpg
>]
<Figs/Ch1/BandstructureQW.png, id=542, 455.7828pt x 416.757pt>
File: Figs/Ch1/BandstructureQW.png Graphic file (type png)

<use Figs/Ch1/BandstructureQW.png>
Package pdftex.def Info: Figs/Ch1/BandstructureQW.png used on input line 129.
(pdftex.def)             Requested size: 218.73056pt x 199.66678pt.

Underfull \vbox (badness 5446) has occurred while \output is active []

 [6 <C:/Users/cr458/Documents/GitHub/Thesis/Figs/Ch1/BandstructureQW.png>]
<Figs/Ch1/p2.png, id=558, 520.94624pt x 355.3275pt>
File: Figs/Ch1/p2.png Graphic file (type png)
 <use Figs/Ch1/p2.png>
Package pdftex.def Info: Figs/Ch1/p2.png used on input line 155.
(pdftex.def)             Requested size: 218.73056pt x 149.19315pt.

<Figs/Ch1/2unit.png, id=563, 481.8pt x 375.804pt>
File: Figs/Ch1/2unit.png Graphic file (type png)
 <use Figs/Ch1/2unit.png>
Package pdftex.def Info: Figs/Ch1/2unit.png used on input line 165.
(pdftex.def)             Requested size: 218.73056pt x 170.60689pt.


LaTeX Warning: `h' float specifier changed to `ht'.

[7 <C:/Users/cr458/Documents/GitHub/Thesis/Figs/Ch1/p2.png>] [8 <C:/Users/cr458
/Documents/GitHub/Thesis/Figs/Ch1/2unit.png>]
<Figs/Ch1/QCSE.png, id=587, 318.4698pt x 375.804pt>
File: Figs/Ch1/QCSE.png Graphic file (type png)
 <use Figs/Ch1/QCSE.png>
Package pdftex.def Info: Figs/Ch1/QCSE.png used on input line 204.
(pdftex.def)             Requested size: 218.73056pt x 258.10657pt.

[9 <C:/Users/cr458/Documents/GitHub/Thesis/Figs/Ch1/QCSE.png>]
<Figs/Ch1/vacancy.png, id=608, 213.79875pt x 207.77625pt>
File: Figs/Ch1/vacancy.png Graphic file (type png)

<use Figs/Ch1/vacancy.png>
Package pdftex.def Info: Figs/Ch1/vacancy.png used on input line 225.
(pdftex.def)             Requested size: 89.237pt x 86.72377pt.

<Figs/Ch1/self-inter.png, id=609, 213.79875pt x 207.77625pt>
File: Figs/Ch1/self-inter.png Graphic file (type png)

<use Figs/Ch1/self-inter.png>
Package pdftex.def Info: Figs/Ch1/self-inter.png used on input line 232.
(pdftex.def)             Requested size: 89.237pt x 86.72377pt.

<Figs/Ch1/sub-impure.png, id=610, 213.79875pt x 207.77625pt>
File: Figs/Ch1/sub-impure.png Graphic file (type png)

<use Figs/Ch1/sub-impure.png>
Package pdftex.def Info: Figs/Ch1/sub-impure.png used on input line 238.
(pdftex.def)             Requested size: 89.237pt x 86.72377pt.

<Figs/Ch1/foreign.png, id=611, 213.79875pt x 207.77625pt>
File: Figs/Ch1/foreign.png Graphic file (type png)

<use Figs/Ch1/foreign.png>
Package pdftex.def Info: Figs/Ch1/foreign.png used on input line 244.
(pdftex.def)             Requested size: 89.237pt x 86.72377pt.
 [10]
<Figs/Ch1/MDa.png, id=620, 302.0886pt x 379.1766pt>
File: Figs/Ch1/MDa.png Graphic file (type png)
 <use Figs/Ch1/MDa.png>
Package pdftex.def Info: Figs/Ch1/MDa.png used on input line 258.
(pdftex.def)             Requested size: 111.55452pt x 140.02121pt.

<Figs/Ch1/MDb.png, id=621, 314.1336pt x 367.6134pt>
File: Figs/Ch1/MDb.png Graphic file (type png)
 <use Figs/Ch1/MDb.png>
Package pdftex.def Info: Figs/Ch1/MDb.png used on input line 265.
(pdftex.def)             Requested size: 111.55452pt x 130.54573pt.

<Figs/Ch1/MDc.png, id=622, 302.0886pt x 351.2322pt>
File: Figs/Ch1/MDc.png Graphic file (type png)
 <use Figs/Ch1/MDc.png>
Package pdftex.def Info: Figs/Ch1/MDc.png used on input line 272.
(pdftex.def)             Requested size: 111.55452pt x 129.70198pt.

Underfull \vbox (badness 1990) has occurred while \output is active []

 [11 <C:/Users/cr458/Documents/GitHub/Thesis/Figs/Ch1/vacancy.png> <C:/Users/cr
458/Documents/GitHub/Thesis/Figs/Ch1/self-inter.png> <C:/Users/cr458/Documents/
GitHub/Thesis/Figs/Ch1/sub-impure.png> <C:/Users/cr458/Documents/GitHub/Thesis/
Figs/Ch1/foreign.png>] [12 <C:/Users/cr458/Documents/GitHub/Thesis/Figs/Ch1/MDa
.png> <C:/Users/cr458/Documents/GitHub/Thesis/Figs/Ch1/MDb.png> <C:/Users/cr458
/Documents/GitHub/Thesis/Figs/Ch1/MDc.png>]
<Figs/Ch1/bsf.png, id=650, 397.485pt x 337.26pt>
File: Figs/Ch1/bsf.png Graphic file (type png)
 <use Figs/Ch1/bsf.png>
Package pdftex.def Info: Figs/Ch1/bsf.png used on input line 311.
(pdftex.def)             Requested size: 174.98177pt x 148.47205pt.

<Figs/Ch1/bsfTEM.png, id=651, 220.32312pt x 184.18813pt>
File: Figs/Ch1/bsfTEM.png Graphic file (type png)

<use Figs/Ch1/bsfTEM.png>
Package pdftex.def Info: Figs/Ch1/bsfTEM.png used on input line 318.
(pdftex.def)             Requested size: 174.98177pt x 146.28831pt.

<Figs/Ch1/bsf_type.png, id=656, 491.33563pt x 195.73125pt>
File: Figs/Ch1/bsf_type.png Graphic file (type png)

<use Figs/Ch1/bsf_type.png>
Package pdftex.def Info: Figs/Ch1/bsf_type.png used on input line 347.
(pdftex.def)             Requested size: 306.22144pt x 121.99124pt.


LaTeX Warning: `h' float specifier changed to `ht'.

[13 <C:/Users/cr458/Documents/GitHub/Thesis/Figs/Ch1/bsf.png> <C:/Users/cr458/D
ocuments/GitHub/Thesis/Figs/Ch1/bsfTEM.png>]
<Figs/Ch1/vpit.png, id=675, 271.51437pt x 131.99312pt>
File: Figs/Ch1/vpit.png Graphic file (type png)
 <use Figs/Ch1/vpit.png>
Package pdftex.def Info: Figs/Ch1/vpit.png used on input line 362.
(pdftex.def)             Requested size: 306.22144pt x 148.87253pt.


LaTeX Warning: `h' float specifier changed to `ht'.

[14 <C:/Users/cr458/Documents/GitHub/Thesis/Figs/Ch1/bsf_type.png>]
<Figs/Ch1/landscape.png, id=693, 181.17688pt x 164.615pt>
File: Figs/Ch1/landscape.png Graphic file (type png)

<use Figs/Ch1/landscape.png>
Package pdftex.def Info: Figs/Ch1/landscape.png used on input line 372.
(pdftex.def)             Requested size: 218.73056pt x 198.74016pt.

<Figs/Ch1/pn1.png, id=697, 283.7802pt x 139.2402pt>
File: Figs/Ch1/pn1.png Graphic file (type png)
 <use Figs/Ch1/pn1.png>
Package pdftex.def Info: Figs/Ch1/pn1.png used on input line 387.
(pdftex.def)             Requested size: 174.98177pt x 85.8606pt.

<Figs/Ch1/pn2.png, id=698, 306.9066pt x 139.2402pt>
File: Figs/Ch1/pn2.png Graphic file (type png)
 <use Figs/Ch1/pn2.png>
Package pdftex.def Info: Figs/Ch1/pn2.png used on input line 394.
(pdftex.def)             Requested size: 174.98177pt x 79.3911pt.

Underfull \vbox (badness 10000) has occurred while \output is active []

 [15 <C:/Users/cr458/Documents/GitHub/Thesis/Figs/Ch1/vpit.png> <C:/Users/cr458
/Documents/GitHub/Thesis/Figs/Ch1/landscape.png>]
<Figs/Ch1/led.png, id=706, 215.8464pt x 244.2726pt>
File: Figs/Ch1/led.png Graphic file (type png)
 <use Figs/Ch1/led.png>
Package pdftex.def Info: Figs/Ch1/led.png used on input line 406.
(pdftex.def)             Requested size: 131.23967pt x 148.52151pt.


LaTeX Warning: `h' float specifier changed to `ht'.

[16 <C:/Users/cr458/Documents/GitHub/Thesis/Figs/Ch1/pn1.png> <C:/Users/cr458/D
ocuments/GitHub/Thesis/Figs/Ch1/pn2.png>] [17 <C:/Users/cr458/Documents/GitHub/
Thesis/Figs/Ch1/led.png>]
<Figs/Ch1/modes.png, id=738, 659.1024pt x 397.9668pt>
File: Figs/Ch1/modes.png Graphic file (type png)
 <use Figs/Ch1/modes.png>
Package pdftex.def Info: Figs/Ch1/modes.png used on input line 440.
(pdftex.def)             Requested size: 393.71233pt x 237.7253pt.


LaTeX Warning: `h' float specifier changed to `ht'.

[18] <Figs/Ch1/mdisk.png, id=751, 208.1376pt x 205.2468pt>
File: Figs/Ch1/mdisk.png Graphic file (type png)

<use Figs/Ch1/mdisk.png>
Package pdftex.def Info: Figs/Ch1/mdisk.png used on input line 451.
(pdftex.def)             Requested size: 98.42975pt x 97.06416pt.
 <Figs/Ch1/dbr.png, id=752, 269.808pt x 220.6644pt>
File: Figs/Ch1/dbr.png Graphic file (type png)

<use Figs/Ch1/dbr.png>
Package pdftex.def Info: Figs/Ch1/dbr.png used on input line 458.
(pdftex.def)             Requested size: 111.55452pt x 91.23393pt.
 <Figs/Ch1/pcc.png, id=753, 247.6452pt x 178.7478pt>
File: Figs/Ch1/pcc.png Graphic file (type png)

<use Figs/Ch1/pcc.png>
Package pdftex.def Info: Figs/Ch1/pcc.png used on input line 465.
(pdftex.def)             Requested size: 111.55452pt x 80.51758pt.
 [19 <C:/Users/cr458/Documents/GitHub/Thesis/Figs/Ch1/modes.png> <C:/Users/cr45
8/Documents/GitHub/Thesis/Figs/Ch1/mdisk.png> <C:/Users/cr458/Documents/GitHub/
Thesis/Figs/Ch1/dbr.png> <C:/Users/cr458/Documents/GitHub/Thesis/Figs/Ch1/pcc.p
ng>]
<Figs/Ch1/mdiskray.png, id=765, 223.0734pt x 232.2276pt>
File: Figs/Ch1/mdiskray.png Graphic file (type png)

<use Figs/Ch1/mdiskray.png>
Package pdftex.def Info: Figs/Ch1/mdiskray.png used on input line 487.
(pdftex.def)             Requested size: 218.73056pt x 227.71614pt.

<Figs/Ch1/mdisksem.png, id=772, 312.1111pt x 113.31223pt>
File: Figs/Ch1/mdisksem.png Graphic file (type png)

<use Figs/Ch1/mdisksem.png>
Package pdftex.def Info: Figs/Ch1/mdisksem.png used on input line 495.
(pdftex.def)             Requested size: 218.73056pt x 79.40964pt.
 [20 <C:/Users/cr458/Documents/GitHub/Thesis/Figs/Ch1/mdiskray.png>] [21 <C:/Us
ers/cr458/Documents/GitHub/Thesis/Figs/Ch1/mdisksem.png>] <Figs/Ch1/nb1.png, id
=805, 966.10938pt x 203.76125pt>
File: Figs/Ch1/nb1.png Graphic file (type png)

<use Figs/Ch1/nb1.png>
Package pdftex.def Info: Figs/Ch1/nb1.png used on input line 511.
(pdftex.def)             Requested size: 393.71233pt x 83.03586pt.

Underfull \vbox (badness 10000) has occurred while \output is active []

 [22 <C:/Users/cr458/Documents/GitHub/Thesis/Figs/Ch1/nb1.png>]
<Figs/Ch1/nw_lasers.png, id=829, 1143.52219pt x 693.34032pt>
File: Figs/Ch1/nw_lasers.png Graphic file (type png)

<use Figs/Ch1/nw_lasers.png>
Package pdftex.def Info: Figs/Ch1/nw_lasers.png used on input line 526.
(pdftex.def)             Requested size: 349.97023pt x 212.19318pt.


LaTeX Warning: `h' float specifier changed to `ht'.

[23] <Figs/Ch1/elect_SPS.png, id=843, 1436.36626pt x 425.33907pt>
File: Figs/Ch1/elect_SPS.png Graphic file (type png)

<use Figs/Ch1/elect_SPS.png>
Package pdftex.def Info: Figs/Ch1/elect_SPS.png used on input line 536.
(pdftex.def)             Requested size: 393.71233pt x 116.58243pt.

<Figs/Ch1/homey.png, id=847, 1256.695pt x 603.25375pt>
File: Figs/Ch1/homey.png Graphic file (type png)

<use Figs/Ch1/homey.png>
Package pdftex.def Info: Figs/Ch1/homey.png used on input line 546.
(pdftex.def)             Requested size: 393.71233pt x 188.99498pt.


LaTeX Warning: `h' float specifier changed to `ht'.

[24 <C:/Users/cr458/Documents/GitHub/Thesis/Figs/Ch1/nw_lasers.png> <C:/Users/c
r458/Documents/GitHub/Thesis/Figs/Ch1/elect_SPS.png>]) [25 <C:/Users/cr458/Docu
ments/GitHub/Thesis/Figs/Ch1/homey.png>]
(C:\Users\cr458\Documents\GitHub\Thesis\Chapter2/chapter2.tex [26



]
Chapter 2.
<Figs/Ch2/illum.png, id=865, 574.3056pt x 333.4056pt>
File: Figs/Ch2/illum.png Graphic file (type png)
 <use Figs/Ch2/illum.png>
Package pdftex.def Info: Figs/Ch2/illum.png used on input line 13.
(pdftex.def)             Requested size: 393.71233pt x 228.56967pt.

[27 <C:/Users/cr458/Documents/GitHub/Thesis/Figs/Ch2/illum.png>]
<Figs/Ch2/elastic.png, id=872, 515.526pt x 428.802pt>
File: Figs/Ch2/elastic.png Graphic file (type png)

<use Figs/Ch2/elastic.png>
Package pdftex.def Info: Figs/Ch2/elastic.png used on input line 25.
(pdftex.def)             Requested size: 218.73056pt x 181.93419pt.

<Figs/Ch2/inelastic.png, id=873, 571.4148pt x 406.6392pt>
File: Figs/Ch2/inelastic.png Graphic file (type png)

<use Figs/Ch2/inelastic.png>
Package pdftex.def Info: Figs/Ch2/inelastic.png used on input line 32.
(pdftex.def)             Requested size: 218.73056pt x 155.65378pt.

Overfull \hbox (35.29283pt too wide) in paragraph at lines 23--35
[][]|    [] 
 []

[28 <C:/Users/cr458/Documents/GitHub/Thesis/Figs/Ch2/elastic.png> <C:/Users/cr4
58/Documents/GitHub/Thesis/Figs/Ch2/inelastic.png>]
<Figs/Ch2/unitcell.png, id=885, 197.23688pt x 266.9975pt>
File: Figs/Ch2/unitcell.png Graphic file (type png)

<use Figs/Ch2/unitcell.png>
Package pdftex.def Info: Figs/Ch2/unitcell.png used on input line 73.
(pdftex.def)             Requested size: 131.23967pt x 177.65701pt.
 [29 <C:/Users/cr458/Documents/GitHub/Thesis/Figs/Ch2/unitcell.png>] <Figs/Ch2/
ewald.png, id=898, 105.39375pt x 186.6975pt>
File: Figs/Ch2/ewald.png Graphic file (type png)

<use Figs/Ch2/ewald.png>
Package pdftex.def Info: Figs/Ch2/ewald.png used on input line 88.
(pdftex.def)             Requested size: 131.23967pt x 232.48532pt.
 <Figs/Ch2/bf.png, id=902, 384.6872pt x 374.14781pt>
File: Figs/Ch2/bf.png Graphic file (type png)

<use Figs/Ch2/bf.png>
Package pdftex.def Info: Figs/Ch2/bf.png used on input line 102.
(pdftex.def)             Requested size: 218.73056pt x 212.74123pt.
 <Figs/Ch2/df.png, id=903, 343.2825pt x 373.395pt>
File: Figs/Ch2/df.png Graphic file (type png)

<use Figs/Ch2/df.png>
Package pdftex.def Info: Figs/Ch2/df.png used on input line 109.
(pdftex.def)             Requested size: 192.48395pt x 209.36755pt.

Overfull \hbox (9.04622pt too wide) in paragraph at lines 100--112
[][]|    [] 
 []

[30 <C:/Users/cr458/Documents/GitHub/Thesis/Figs/Ch2/ewald.png>] [31 <C:/Users/
cr458/Documents/GitHub/Thesis/Figs/Ch2/bf.png> <C:/Users/cr458/Documents/GitHub
/Thesis/Figs/Ch2/df.png>] <Figs/Ch2/w1.png, id=921, 487.8225pt x 252.945pt>
File: Figs/Ch2/w1.png Graphic file (type png)

<use Figs/Ch2/w1.png>
Package pdftex.def Info: Figs/Ch2/w1.png used on input line 128.
(pdftex.def)             Requested size: 218.73056pt x 113.41507pt.
 <Figs/Ch2/w2.png, id=922, 503.63156pt x 331.2375pt>
File: Figs/Ch2/w2.png Graphic file (type png)

<use Figs/Ch2/w2.png>
Package pdftex.def Info: Figs/Ch2/w2.png used on input line 135.
(pdftex.def)             Requested size: 192.48395pt x 126.59431pt.

Overfull \hbox (9.04622pt too wide) in paragraph at lines 126--138
[][]|    [] 
 []

<Figs/Ch2/moramwbdf.png, id=927, 393.97188pt x 239.89626pt>
File: Figs/Ch2/moramwbdf.png Graphic file (type png)

<use Figs/Ch2/moramwbdf.png>
Package pdftex.def Info: Figs/Ch2/moramwbdf.png used on input line 148.
(pdftex.def)             Requested size: 306.22144pt x 186.46309pt.
 [32 <C:/Users/cr458/Documents/GitHub/Thesis/Figs/Ch2/w1.png> <C:/Users/cr458/D
ocuments/GitHub/Thesis/Figs/Ch2/w2.png>]
<Figs/Ch2/STEM.png, id=936, 499.8675pt x 316.18124pt>
File: Figs/Ch2/STEM.png Graphic file (type png)
 <use Figs/Ch2/STEM.png>
Package pdftex.def Info: Figs/Ch2/STEM.png used on input line 164.
(pdftex.def)             Requested size: 437.46112pt x 276.71579pt.

[33 <C:/Users/cr458/Documents/GitHub/Thesis/Figs/Ch2/moramwbdf.png>]
Underfull \vbox (badness 5637) has occurred while \output is active []

 [34 <C:/Users/cr458/Documents/GitHub/Thesis/Figs/Ch2/STEM.png>]
<Figs/Ch2/xray.png, id=956, 595.5048pt x 463.9734pt>
File: Figs/Ch2/xray.png Graphic file (type png)
 <use Figs/Ch2/xray.png>
Package pdftex.def Info: Figs/Ch2/xray.png used on input line 180.
(pdftex.def)             Requested size: 437.46112pt x 340.83582pt.

[35 <C:/Users/cr458/Documents/GitHub/Thesis/Figs/Ch2/xray.png>]
<Figs/Ch2/tomo.png, id=970, 856.70062pt x 199.24437pt>
File: Figs/Ch2/tomo.png Graphic file (type png)
 <use Figs/Ch2/tomo.png>
Package pdftex.def Info: Figs/Ch2/tomo.png used on input line 195.
(pdftex.def)             Requested size: 437.46112pt x 101.74097pt.

[36 <C:/Users/cr458/Documents/GitHub/Thesis/Figs/Ch2/tomo.png>]
<Figs/Ch2/AFM.png, id=985, 644.1666pt x 409.53pt>
File: Figs/Ch2/AFM.png Graphic file (type png)
 <use Figs/Ch2/AFM.png>
Package pdftex.def Info: Figs/Ch2/AFM.png used on input line 210.
(pdftex.def)             Requested size: 306.22144pt x 194.67874pt.

[37 <C:/Users/cr458/Documents/GitHub/Thesis/Figs/Ch2/AFM.png>]
<Figs/Ch2/AFMint.png, id=995, 1200.73593pt x 637.63219pt>
File: Figs/Ch2/AFMint.png Graphic file (type png)

<use Figs/Ch2/AFMint.png>
Package pdftex.def Info: Figs/Ch2/AFMint.png used on input line 222.
(pdftex.def)             Requested size: 306.22144pt x 162.60864pt.

<Figs/Ch2/afm1.png, id=1000, 292.09125pt x 234.8775pt>
File: Figs/Ch2/afm1.png Graphic file (type png)
 <use Figs/Ch2/afm1.png>
Package pdftex.def Info: Figs/Ch2/afm1.png used on input line 233.
(pdftex.def)             Requested size: 174.98177pt x 140.71254pt.

<Figs/Ch2/afm2.png, id=1001, 286.82156pt x 234.8775pt>
File: Figs/Ch2/afm2.png Graphic file (type png)
 <use Figs/Ch2/afm2.png>
Package pdftex.def Info: Figs/Ch2/afm2.png used on input line 240.
(pdftex.def)             Requested size: 174.98177pt x 143.29298pt.


LaTeX Warning: `h' float specifier changed to `ht'.

[38 <C:/Users/cr458/Documents/GitHub/Thesis/Figs/Ch2/AFMint.png>]
<Figs/Ch2/afm3.png, id=1009, 819.8128pt x 526.21594pt>
File: Figs/Ch2/afm3.png Graphic file (type png)
 <use Figs/Ch2/afm3.png>
Package pdftex.def Info: Figs/Ch2/afm3.png used on input line 252.
(pdftex.def)             Requested size: 174.98177pt x 112.31522pt.

<Figs/Ch2/SEM.png, id=1011, 340.27126pt x 283.81032pt>
File: Figs/Ch2/SEM.png Graphic file (type png)
 <use Figs/Ch2/SEM.png>
Package pdftex.def Info: Figs/Ch2/SEM.png used on input line 272.
(pdftex.def)             Requested size: 262.47934pt x 218.93735pt.

[39 <C:/Users/cr458/Documents/GitHub/Thesis/Figs/Ch2/afm1.png> <C:/Users/cr458/
Documents/GitHub/Thesis/Figs/Ch2/afm2.png> <C:/Users/cr458/Documents/GitHub/The
sis/Figs/Ch2/afm3.png>] <Figs/Ch2/int.png, id=1024, 359.3425pt x 353.82187pt>
File: Figs/Ch2/int.png Graphic file (type png)

<use Figs/Ch2/int.png>
Package pdftex.def Info: Figs/Ch2/int.png used on input line 283.
(pdftex.def)             Requested size: 262.47934pt x 258.46597pt.


LaTeX Warning: `h' float specifier changed to `ht'.

[40 <C:/Users/cr458/Documents/GitHub/Thesis/Figs/Ch2/SEM.png>]
<Figs/Ch2/CL.png, id=1037, 616.55344pt x 394.47375pt>
File: Figs/Ch2/CL.png Graphic file (type png)
 <use Figs/Ch2/CL.png>
Package pdftex.def Info: Figs/Ch2/CL.png used on input line 300.
(pdftex.def)             Requested size: 218.73056pt x 139.94586pt.

[41 <C:/Users/cr458/Documents/GitHub/Thesis/Figs/Ch2/int.png>]
Underfull \hbox (badness 10000) in paragraph at lines 306--314

 []


Underfull \hbox (badness 10000) in paragraph at lines 306--314

 []


Underfull \hbox (badness 10000) in paragraph at lines 306--314

 []


Underfull \hbox (badness 10000) in paragraph at lines 306--314

 []

[42 <C:/Users/cr458/Documents/GitHub/Thesis/Figs/Ch2/CL.png>]
<Figs/Ch2/hyper.png, id=1058, 363.60844pt x 167.87718pt>
File: Figs/Ch2/hyper.png Graphic file (type png)

<use Figs/Ch2/hyper.png>
Package pdftex.def Info: Figs/Ch2/hyper.png used on input line 317.
(pdftex.def)             Requested size: 218.73056pt x 100.99092pt.
 [43 <C:/Users/cr458/Documents/GitHub/Thesis/Figs/Ch2/hyper.png>] <Figs/Ch2/FIB
.png, id=1072, 470.50781pt x 415.5525pt>
File: Figs/Ch2/FIB.png Graphic file (type png)

<use Figs/Ch2/FIB.png>
Package pdftex.def Info: Figs/Ch2/FIB.png used on input line 341.
(pdftex.def)             Requested size: 262.47934pt x 231.8201pt.
 [44 <C:/Users/cr458/Documents/GitHub/Thesis/Figs/Ch2/FIB.png>] <Figs/Ch2/FIB1.
png, id=1078, 395.5578pt x 340.6326pt>
File: Figs/Ch2/FIB1.png Graphic file (type png)

<use Figs/Ch2/FIB1.png>
Package pdftex.def Info: Figs/Ch2/FIB1.png used on input line 362.
(pdftex.def)             Requested size: 124.67728pt x 107.3622pt.
 <Figs/Ch2/FIB2.png, id=1079, 394.5942pt x 340.6326pt>
File: Figs/Ch2/FIB2.png Graphic file (type png)

<use Figs/Ch2/FIB2.png>
Package pdftex.def Info: Figs/Ch2/FIB2.png used on input line 369.
(pdftex.def)             Requested size: 124.67728pt x 107.62727pt.
 <Figs/Ch2/FIB3.png, id=1080, 394.5942pt x 340.1508pt>
File: Figs/Ch2/FIB3.png Graphic file (type png)

<use Figs/Ch2/FIB3.png>
Package pdftex.def Info: Figs/Ch2/FIB3.png used on input line 376.
(pdftex.def)             Requested size: 124.67728pt x 107.47505pt.
 [45 <C:/Users/cr458/Documents/GitHub/Thesis/Figs/Ch2/FIB1.png> <C:/Users/cr458
/Documents/GitHub/Thesis/Figs/Ch2/FIB2.png> <C:/Users/cr458/Documents/GitHub/Th
esis/Figs/Ch2/FIB3.png>]
<Figs/Ch2/SnV.png, id=1089, 341.77687pt x 298.11375pt>
File: Figs/Ch2/SnV.png Graphic file (type png)
 <use Figs/Ch2/SnV.png>
Package pdftex.def Info: Figs/Ch2/SnV.png used on input line 392.
(pdftex.def)             Requested size: 393.71233pt x 343.4377pt.

[46 <C:/Users/cr458/Documents/GitHub/Thesis/Figs/Ch2/SnV.png>]) [47]
(C:\Users\cr458\Documents\GitHub\Thesis\Chapter3/chapter3.tex [48



]
Chapter 3.

Underfull \vbox (badness 3713) has occurred while \output is active []

 [49]
<Figs/Ch3/LEDstruct.png, id=1116, 268.8444pt x 445.1832pt>
File: Figs/Ch3/LEDstruct.png Graphic file (type png)

<use Figs/Ch3/LEDstruct.png>
Package pdftex.def Info: Figs/Ch3/LEDstruct.png used on input line 29.
(pdftex.def)             Requested size: 174.98177pt x 289.75285pt.
 [50 <C:/Users/cr458/Documents/GitHub/Thesis/Figs/Ch3/LEDstruct.png>] <Figs/Ch3
/2T.png, id=1126, 897.5934pt x 394.5942pt>
File: Figs/Ch3/2T.png Graphic file (type png)

<use Figs/Ch3/2T.png>
Package pdftex.def Info: Figs/Ch3/2T.png used on input line 40.
(pdftex.def)             Requested size: 393.71233pt x 173.0861pt.
 <Figs/Ch3/5610.png, id=1128, 276.03125pt x 265.99374pt>
File: Figs/Ch3/5610.png Graphic file (type png)

<use Figs/Ch3/5610.png>
Package pdftex.def Info: Figs/Ch3/5610.png used on input line 54.
(pdftex.def)             Requested size: 153.11406pt x 147.55115pt.

<Figs/Ch3/5608.png, id=1129, 276.03125pt x 265.99374pt>
File: Figs/Ch3/5608.png Graphic file (type png)

<use Figs/Ch3/5608.png>
Package pdftex.def Info: Figs/Ch3/5608.png used on input line 61.
(pdftex.def)             Requested size: 153.11406pt x 147.55115pt.
 [51 <C:/Users/cr458/Documents/GitHub/Thesis/Figs/Ch3/2T.png> <C:/Users/cr458/D
ocuments/GitHub/Thesis/Figs/Ch3/5610.png (PNG copy)> <C:/Users/cr458/Documents/
GitHub/Thesis/Figs/Ch3/5608.png (PNG copy)>]
LaTeX Font Info:    Try loading font information for TS1+ptm on input line 74.

("C:\Program Files (x86)\MiKTeX 2.9\tex\latex\psnfss\ts1ptm.fd"
File: ts1ptm.fd 2001/06/04 font definitions for TS1/ptm.
)
<Figs/Ch3/ELfull.png, id=1138, 378.41376pt x 277.53688pt>
File: Figs/Ch3/ELfull.png Graphic file (type png)

<use Figs/Ch3/ELfull.png>
Package pdftex.def Info: Figs/Ch3/ELfull.png used on input line 79.
(pdftex.def)             Requested size: 349.97023pt x 256.67947pt.
 [52]
<Figs/Ch3/1.png, id=1144, 678.3744pt x 602.25pt>
File: Figs/Ch3/1.png Graphic file (type png)
 <use Figs/Ch3/1.png>
Package pdftex.def Info: Figs/Ch3/1.png used on input line 93.
(pdftex.def)             Requested size: 209.97946pt x 186.41988pt.

<Figs/Ch3/5.png, id=1145, 678.3744pt x 602.25pt>
File: Figs/Ch3/5.png Graphic file (type png)
 <use Figs/Ch3/5.png>
Package pdftex.def Info: Figs/Ch3/5.png used on input line 99.
(pdftex.def)             Requested size: 209.97946pt x 186.41988pt.

<Figs/Ch3/10.png, id=1146, 678.3744pt x 602.25pt>
File: Figs/Ch3/10.png Graphic file (type png)
 <use Figs/Ch3/10.png>
Package pdftex.def Info: Figs/Ch3/10.png used on input line 106.
(pdftex.def)             Requested size: 209.97946pt x 186.41988pt.

<Figs/Ch3/50.png, id=1147, 678.3744pt x 602.25pt>
File: Figs/Ch3/50.png Graphic file (type png)
 <use Figs/Ch3/50.png>
Package pdftex.def Info: Figs/Ch3/50.png used on input line 112.
(pdftex.def)             Requested size: 209.97946pt x 186.41988pt.
File: Figs/Ch3/10.png Graphic file (type png)

<use Figs/Ch3/10.png>
Package pdftex.def Info: Figs/Ch3/10.png used on input line 119.
(pdftex.def)             Requested size: 209.97946pt x 186.41988pt.
File: Figs/Ch3/50.png Graphic file (type png)
 <use Figs/Ch3/50.png>
Package pdftex.def Info: Figs/Ch3/50.png used on input line 125.
(pdftex.def)             Requested size: 209.97946pt x 186.41988pt.


LaTeX Warning: Float too large for page by 22.77446pt on input line 131.

[53 <C:/Users/cr458/Documents/GitHub/Thesis/Figs/Ch3/ELfull.png>] [54 <C:/Users
/cr458/Documents/GitHub/Thesis/Figs/Ch3/1.png (PNG copy)> <C:/Users/cr458/Docum
ents/GitHub/Thesis/Figs/Ch3/5.png (PNG copy)> <C:/Users/cr458/Documents/GitHub/
Thesis/Figs/Ch3/10.png (PNG copy)> <C:/Users/cr458/Documents/GitHub/Thesis/Figs
/Ch3/50.png (PNG copy)>]) [55]
(C:\Users\cr458\Documents\GitHub\Thesis\thesis.bbl [56


] [57] [58] [59] [60]
[61]
Underfull \hbox (badness 10000) in paragraph at lines 371--373
[]\T1/ptm/m/n/12 (+20) A. M. . M. R. Fa-cil-ity, ``Char-ac-ter-is-tic x-rays.''

 []

[62]) [63] (C:\Users\cr458\Documents\GitHub\Thesis\Appendix1/appendix1.tex
[64


]
Appendix A.
LaTeX Font Info:    Font shape `OT1/ptm/bx/n' in size <24.88> not available
(Font)              Font shape `OT1/ptm/b/n' tried instead on input line 2.
LaTeX Font Info:    Font shape `OT1/ptm/bx/n' in size <17.28> not available
(Font)              Font shape `OT1/ptm/b/n' tried instead on input line 2.
LaTeX Font Info:    Font shape `OT1/ptm/bx/n' in size <14.4> not available
(Font)              Font shape `OT1/ptm/b/n' tried instead on input line 2.
[65] [66]
LaTeX Font Info:    Try loading font information for T1+cmtt on input line 71.
 ("C:\Program Files (x86)\MiKTeX 2.9\tex\latex\base\t1cmtt.fd"
File: t1cmtt.fd 1999/05/25 v2.5h Standard LaTeX font definitions
)
Package microtype Info: Loading generic settings for font family
(microtype)             `cmtt' (encoding: T1).
(microtype)             For optimal results, create family-specific settings.
(microtype)             See the microtype manual for details.

[67]) [68] (C:\Users\cr458\Documents\GitHub\Thesis\Appendix2/appendix2.tex
Appendix B.
) [69



] [70


] (C:\Users\cr458\Documents\GitHub\Thesis\thesis.ind)
Package atveryend Info: Empty hook `BeforeClearDocument' on input line 187.
Package atveryend Info: Empty hook `AfterLastShipout' on input line 187.

(C:\Users\cr458\Documents\GitHub\Thesis\thesis.aux
(C:\Users\cr458\Documents\GitHub\Thesis\Dedication/dedication.aux)
(C:\Users\cr458\Documents\GitHub\Thesis\Declaration/declaration.aux)
(C:\Users\cr458\Documents\GitHub\Thesis\Acknowledgement/acknowledgement.aux)
(C:\Users\cr458\Documents\GitHub\Thesis\Abstract/abstract.aux)
(C:\Users\cr458\Documents\GitHub\Thesis\Chapter1/chapter1.aux)
(C:\Users\cr458\Documents\GitHub\Thesis\Chapter2/chapter2.aux)
(C:\Users\cr458\Documents\GitHub\Thesis\Chapter3/chapter3.aux)
(C:\Users\cr458\Documents\GitHub\Thesis\Appendix1/appendix1.aux)
(C:\Users\cr458\Documents\GitHub\Thesis\Appendix2/appendix2.aux))
Package atveryend Info: Executing hook `AtVeryEndDocument' on input line 187.
Package atveryend Info: Executing hook `AtEndAfterFileList' on input line 187.
Package rerunfilecheck Info: File `thesis.out' has not changed.
(rerunfilecheck)             Checksum: B7F2119A1EB08C1026D230E570101FF0;8719.
 ) 
Here is how much of TeX's memory you used:
 26515 strings out of 493921
 468337 string characters out of 3144876
 511088 words of memory out of 3000000
 28667 multiletter control sequences out of 15000+200000
 83926 words of font info for 290 fonts, out of 3000000 for 9000
 841 hyphenation exceptions out of 8191
 55i,23n,92p,10383b,1219s stack positions out of 5000i,500n,10000p,200000b,50000s
 <C:\Users\cr458\AppData\Local\MiKTeX\2.9\fonts\pk\ljfour\jknappen\ec\dpi600\
ectt1200.pk>{C:/Program Files (x86)/MiKTeX 2.9/fonts/enc/dvips/fontname/8r.enc}
<C:/Program Files (x86)/MiKTeX 2.9/fonts/type1/public/amsfonts/cm/cmex10.pfb><C
:/Program Files (x86)/MiKTeX 2.9/fonts/type1/public/amsfonts/cm/cmmi10.pfb><C:/
Program Files (x86)/MiKTeX 2.9/fonts/type1/public/amsfonts/cm/cmr10.pfb><C:/Pro
gram Files (x86)/MiKTeX 2.9/fonts/type1/public/amsfonts/cm/cmsy10.pfb><C:/Progr
am Files (x86)/MiKTeX 2.9/fonts/type1/urw/symbol/usyr.pfb><C:/Program Files (x8
6)/MiKTeX 2.9/fonts/type1/urw/times/utmb8a.pfb><C:/Program Files (x86)/MiKTeX 2
.9/fonts/type1/urw/times/utmr8a.pfb><C:/Program Files (x86)/MiKTeX 2.9/fonts/ty
pe1/urw/times/utmri8a.pfb><C:/Program Files (x86)/MiKTeX 2.9/fonts/type1/public
/esvect/vect10.pfb>
Output written on thesis.pdf (90 pages, 11925956 bytes).
PDF statistics:
 1451 PDF objects out of 1728 (max. 8388607)
 356 named destinations out of 1000 (max. 500000)
 48312 words of extra memory for PDF output out of 51595 (max. 10000000)

